Number of curves: 1
Number of signature algorithms: 1

  . Seeding the random number generator...
ee{"prim": "sha256","op": "init","ctx": "0x7ffd4dfeed24"}

ee{"prim": "aes","op": "init","ctx": "0x7ffd4dfeea58"}

ee{"prim": "sha256","op": "init","ctx": "0x7ffd4dfeddb0"}

ee{"prim": "sha256","op": "update","ctx": "0x7ffd4dfeddb0","bytes": 128}

ee{"prim": "sha256","op": "free","ctx": "0x7ffd4dfeddb0"}

ee{"prim": "sha256","op": "update","ctx": "0x7ffd4dfeed24","bytes": 2}

ee{"prim": "sha256","op": "update","ctx": "0x7ffd4dfeed24","bytes": 32}

ee{"prim": "sha256","op": "update","ctx": "0x7ffd4dfeed24","bytes": 2}

ee{"prim": "sha256","op": "update","ctx": "0x7ffd4dfeed24","bytes": 8}

ee{"prim": "sha256","op": "free","ctx": "0x7ffd4dfeed24"}

ee{"prim": "sha256","op": "init","ctx": "0x7ffd4dfeed24"}

ee{"prim": "sha256","op": "update","ctx": "0x7ffd4dfeed24","bytes": 32}

ee{"prim": "sha256","op": "init","ctx": "0x7ffd4dfedf00"}

ee{"prim": "sha256","op": "update","ctx": "0x7ffd4dfedf00","bytes": 32}

ee{"prim": "sha256","op": "free","ctx": "0x7ffd4dfedf00"}

ee{"prim": "sha256","op": "init","ctx": "0x7ffd4dfeddb0"}

ee{"prim": "sha256","op": "update","ctx": "0x7ffd4dfeddb0","bytes": 128}

ee{"prim": "sha256","op": "free","ctx": "0x7ffd4dfeddb0"}

ee{"prim": "sha256","op": "update","ctx": "0x7ffd4dfeed24","bytes": 2}

ee{"prim": "sha256","op": "update","ctx": "0x7ffd4dfeed24","bytes": 32}

ee{"prim": "sha256","op": "update","ctx": "0x7ffd4dfeed24","bytes": 2}

ee{"prim": "sha256","op": "update","ctx": "0x7ffd4dfeed24","bytes": 8}

ee{"prim": "sha256","op": "free","ctx": "0x7ffd4dfeed24"}

ee{"prim": "sha256","op": "init","ctx": "0x7ffd4dfeed24"}

ee{"prim": "sha256","op": "update","ctx": "0x7ffd4dfeed24","bytes": 32}

ee{"prim": "sha256","op": "init","ctx": "0x7ffd4dfedf00"}

ee{"prim": "sha256","op": "update","ctx": "0x7ffd4dfedf00","bytes": 32}

ee{"prim": "sha256","op": "free","ctx": "0x7ffd4dfedf00"}

ee{"prim": "aes","op": "init","ctx": "0x7ffd4dfedcd0"}

ee{"op": "block_cipher_df", "ctx": "0x7ffd4dfedcd0"}

ee{"prim": "aes","op": "encrypt","ctx": "0x7ffd4dfedcd0","bytes": 16}

ee{"op": "block_cipher_df", "ctx": "0x7ffd4dfedcd0"}

ee{"prim": "aes","op": "encrypt","ctx": "0x7ffd4dfedcd0","bytes": 16}

ee{"op": "block_cipher_df", "ctx": "0x7ffd4dfedcd0"}

ee{"prim": "aes","op": "encrypt","ctx": "0x7ffd4dfedcd0","bytes": 16}

ee{"op": "block_cipher_df", "ctx": "0x7ffd4dfedcd0"}

ee{"prim": "aes","op": "encrypt","ctx": "0x7ffd4dfedcd0","bytes": 16}

ee{"op": "block_cipher_df", "ctx": "0x7ffd4dfedcd0"}

ee{"prim": "aes","op": "encrypt","ctx": "0x7ffd4dfedcd0","bytes": 16}

ee{"op": "block_cipher_df", "ctx": "0x7ffd4dfedcd0"}

ee{"prim": "aes","op": "encrypt","ctx": "0x7ffd4dfedcd0","bytes": 16}

ee{"op": "block_cipher_df", "ctx": "0x7ffd4dfedcd0"}

ee{"prim": "aes","op": "encrypt","ctx": "0x7ffd4dfedcd0","bytes": 16}

ee{"op": "block_cipher_df", "ctx": "0x7ffd4dfedcd0"}

ee{"prim": "aes","op": "encrypt","ctx": "0x7ffd4dfedcd0","bytes": 16}

ee{"op": "block_cipher_df", "ctx": "0x7ffd4dfedcd0"}

ee{"prim": "aes","op": "encrypt","ctx": "0x7ffd4dfedcd0","bytes": 16}

ee{"op": "block_cipher_df", "ctx": "0x7ffd4dfedcd0"}

ee{"prim": "aes","op": "encrypt","ctx": "0x7ffd4dfedcd0","bytes": 16}

ee{"op": "block_cipher_df", "ctx": "0x7ffd4dfedcd0"}

ee{"prim": "aes","op": "encrypt","ctx": "0x7ffd4dfedcd0","bytes": 16}

ee{"op": "block_cipher_df", "ctx": "0x7ffd4dfedcd0"}

ee{"prim": "aes","op": "encrypt","ctx": "0x7ffd4dfedcd0","bytes": 16}

ee{"op": "block_cipher_df", "ctx": "0x7ffd4dfedcd0"}

ee{"prim": "aes","op": "encrypt","ctx": "0x7ffd4dfedcd0","bytes": 16}

ee{"op": "block_cipher_df", "ctx": "0x7ffd4dfedcd0"}

ee{"prim": "aes","op": "encrypt","ctx": "0x7ffd4dfedcd0","bytes": 16}

ee{"op": "block_cipher_df", "ctx": "0x7ffd4dfedcd0"}

ee{"prim": "aes","op": "encrypt","ctx": "0x7ffd4dfedcd0","bytes": 16}

ee{"op": "block_cipher_df", "ctx": "0x7ffd4dfedcd0"}

ee{"prim": "aes","op": "encrypt","ctx": "0x7ffd4dfedcd0","bytes": 16}

ee{"op": "block_cipher_df", "ctx": "0x7ffd4dfedcd0"}

ee{"prim": "aes","op": "encrypt","ctx": "0x7ffd4dfedcd0","bytes": 16}

ee{"op": "block_cipher_df", "ctx": "0x7ffd4dfedcd0"}

ee{"prim": "aes","op": "encrypt","ctx": "0x7ffd4dfedcd0","bytes": 16}

ee{"prim": "aes","op": "encrypt","ctx": "0x7ffd4dfedcd0","bytes": 16}

ee{"prim": "aes","op": "encrypt","ctx": "0x7ffd4dfedcd0","bytes": 16}

ee{"prim": "aes","op": "encrypt","ctx": "0x7ffd4dfedcd0","bytes": 16}

ee{"prim": "aes","op": "free","ctx": "0x7ffd4dfedcd0"}

ee{"op": "ctr_drbg_update_internal","ctx": "0x7ffd4dfeea30","ctx2": "0x7ffd4dfeea58"}

ee{"prim": "aes","op": "encrypt","ctx": "0x7ffd4dfeea58","bytes": 16}

ee{"op": "ctr_drbg_update_internal","ctx": "0x7ffd4dfeea30","ctx2": "0x7ffd4dfeea58"}

ee{"prim": "aes","op": "encrypt","ctx": "0x7ffd4dfeea58","bytes": 16}

ee{"op": "ctr_drbg_update_internal","ctx": "0x7ffd4dfeea30","ctx2": "0x7ffd4dfeea58"}

ee{"prim": "aes","op": "encrypt","ctx": "0x7ffd4dfeea58","bytes": 16}
 ok
  . Loading the CA root certificate ... ok (0 skipped)
  . Loading the client cert. and key... ok (key type: EC)
  . Connecting to tcp/127.0.0.1/4433... ok
  . Setting up the SSL/TLS structure...
ee{"prim": "sha256","op": "init","ctx": "0x56194e019f78"}

ee{"prim": "ecdh","op": "init","ctx": "0x56194e019cb8"}
 ok
  . Performing the SSL/TLS handshake...client state: 0
client state: 1

ee{"op": "mbedtls_ctr_drbg_random_with_add","ctx": "0x7ffd4dfeea30","ctx2": "0x7ffd4dfeea58"}

ee{"prim": "aes","op": "encrypt","ctx": "0x7ffd4dfeea58","bytes": 16}

ee{"op": "mbedtls_ctr_drbg_random_with_add","ctx": "0x7ffd4dfeea30","ctx2": "0x7ffd4dfeea58"}

ee{"prim": "aes","op": "encrypt","ctx": "0x7ffd4dfeea58","bytes": 16}

ee{"op": "ctr_drbg_update_internal","ctx": "0x7ffd4dfeea30","ctx2": "0x7ffd4dfeea58"}

ee{"prim": "aes","op": "encrypt","ctx": "0x7ffd4dfeea58","bytes": 16}

ee{"op": "ctr_drbg_update_internal","ctx": "0x7ffd4dfeea30","ctx2": "0x7ffd4dfeea58"}

ee{"prim": "aes","op": "encrypt","ctx": "0x7ffd4dfeea58","bytes": 16}

ee{"op": "ctr_drbg_update_internal","ctx": "0x7ffd4dfeea30","ctx2": "0x7ffd4dfeea58"}

ee{"prim": "aes","op": "encrypt","ctx": "0x7ffd4dfeea58","bytes": 16}

ee{"op": "mbedtls_ctr_drbg_random_with_add","ctx": "0x7ffd4dfeea30","ctx2": "0x7ffd4dfeea58"}

ee{"prim": "aes","op": "encrypt","ctx": "0x7ffd4dfeea58","bytes": 16}

ee{"op": "mbedtls_ctr_drbg_random_with_add","ctx": "0x7ffd4dfeea30","ctx2": "0x7ffd4dfeea58"}

ee{"prim": "aes","op": "encrypt","ctx": "0x7ffd4dfeea58","bytes": 16}

ee{"op": "ctr_drbg_update_internal","ctx": "0x7ffd4dfeea30","ctx2": "0x7ffd4dfeea58"}

ee{"prim": "aes","op": "encrypt","ctx": "0x7ffd4dfeea58","bytes": 16}

ee{"op": "ctr_drbg_update_internal","ctx": "0x7ffd4dfeea30","ctx2": "0x7ffd4dfeea58"}

ee{"prim": "aes","op": "encrypt","ctx": "0x7ffd4dfeea58","bytes": 16}

ee{"op": "ctr_drbg_update_internal","ctx": "0x7ffd4dfeea30","ctx2": "0x7ffd4dfeea58"}

ee{"prim": "aes","op": "encrypt","ctx": "0x7ffd4dfeea58","bytes": 16}

ee{"op": "mbedtls_ctr_drbg_random_with_add","ctx": "0x7ffd4dfeea30","ctx2": "0x7ffd4dfeea58"}

ee{"prim": "aes","op": "encrypt","ctx": "0x7ffd4dfeea58","bytes": 16}

ee{"op": "mbedtls_ctr_drbg_random_with_add","ctx": "0x7ffd4dfeea30","ctx2": "0x7ffd4dfeea58"}

ee{"prim": "aes","op": "encrypt","ctx": "0x7ffd4dfeea58","bytes": 16}

ee{"op": "ctr_drbg_update_internal","ctx": "0x7ffd4dfeea30","ctx2": "0x7ffd4dfeea58"}

ee{"prim": "aes","op": "encrypt","ctx": "0x7ffd4dfeea58","bytes": 16}

ee{"op": "ctr_drbg_update_internal","ctx": "0x7ffd4dfeea30","ctx2": "0x7ffd4dfeea58"}

ee{"prim": "aes","op": "encrypt","ctx": "0x7ffd4dfeea58","bytes": 16}

ee{"op": "ctr_drbg_update_internal","ctx": "0x7ffd4dfeea30","ctx2": "0x7ffd4dfeea58"}

ee{"prim": "aes","op": "encrypt","ctx": "0x7ffd4dfeea58","bytes": 16}

ee{"op": "mbedtls_ctr_drbg_random_with_add","ctx": "0x7ffd4dfeea30","ctx2": "0x7ffd4dfeea58"}

ee{"prim": "aes","op": "encrypt","ctx": "0x7ffd4dfeea58","bytes": 16}

ee{"op": "mbedtls_ctr_drbg_random_with_add","ctx": "0x7ffd4dfeea30","ctx2": "0x7ffd4dfeea58"}

ee{"prim": "aes","op": "encrypt","ctx": "0x7ffd4dfeea58","bytes": 16}

ee{"op": "ctr_drbg_update_internal","ctx": "0x7ffd4dfeea30","ctx2": "0x7ffd4dfeea58"}

ee{"prim": "aes","op": "encrypt","ctx": "0x7ffd4dfeea58","bytes": 16}

ee{"op": "ctr_drbg_update_internal","ctx": "0x7ffd4dfeea30","ctx2": "0x7ffd4dfeea58"}

ee{"prim": "aes","op": "encrypt","ctx": "0x7ffd4dfeea58","bytes": 16}

ee{"op": "ctr_drbg_update_internal","ctx": "0x7ffd4dfeea30","ctx2": "0x7ffd4dfeea58"}

ee{"prim": "aes","op": "encrypt","ctx": "0x7ffd4dfeea58","bytes": 16}

ee{"prim": "sha256","op": "update","ctx": "0x56194e019f78","bytes": 163}
client state: 2

ee{"prim": "sha256","op": "update","ctx": "0x56194e019f78","bytes": 117}
client state: 14

ee{"prim": "ecdh","op": "calc_secret","ctx": "0x56194e019cb8"}

ee{"op": "mbedtls_ctr_drbg_random_with_add","ctx": "0x7ffd4dfeea30","ctx2": "0x7ffd4dfeea58"}

ee{"prim": "aes","op": "encrypt","ctx": "0x7ffd4dfeea58","bytes": 16}

ee{"op": "mbedtls_ctr_drbg_random_with_add","ctx": "0x7ffd4dfeea30","ctx2": "0x7ffd4dfeea58"}

ee{"prim": "aes","op": "encrypt","ctx": "0x7ffd4dfeea58","bytes": 16}

ee{"op": "ctr_drbg_update_internal","ctx": "0x7ffd4dfeea30","ctx2": "0x7ffd4dfeea58"}

ee{"prim": "aes","op": "encrypt","ctx": "0x7ffd4dfeea58","bytes": 16}

ee{"op": "ctr_drbg_update_internal","ctx": "0x7ffd4dfeea30","ctx2": "0x7ffd4dfeea58"}

ee{"prim": "aes","op": "encrypt","ctx": "0x7ffd4dfeea58","bytes": 16}

ee{"op": "ctr_drbg_update_internal","ctx": "0x7ffd4dfeea30","ctx2": "0x7ffd4dfeea58"}

ee{"prim": "aes","op": "encrypt","ctx": "0x7ffd4dfeea58","bytes": 16}

ee{"op": "mbedtls_ctr_drbg_random_with_add","ctx": "0x7ffd4dfeea30","ctx2": "0x7ffd4dfeea58"}

ee{"prim": "aes","op": "encrypt","ctx": "0x7ffd4dfeea58","bytes": 16}

ee{"op": "mbedtls_ctr_drbg_random_with_add","ctx": "0x7ffd4dfeea30","ctx2": "0x7ffd4dfeea58"}

ee{"prim": "aes","op": "encrypt","ctx": "0x7ffd4dfeea58","bytes": 16}

ee{"op": "ctr_drbg_update_internal","ctx": "0x7ffd4dfeea30","ctx2": "0x7ffd4dfeea58"}

ee{"prim": "aes","op": "encrypt","ctx": "0x7ffd4dfeea58","bytes": 16}

ee{"op": "ctr_drbg_update_internal","ctx": "0x7ffd4dfeea30","ctx2": "0x7ffd4dfeea58"}

ee{"prim": "aes","op": "encrypt","ctx": "0x7ffd4dfeea58","bytes": 16}

ee{"op": "ctr_drbg_update_internal","ctx": "0x7ffd4dfeea30","ctx2": "0x7ffd4dfeea58"}

ee{"prim": "aes","op": "encrypt","ctx": "0x7ffd4dfeea58","bytes": 16}

ee{"prim": "sha256","op": "init","ctx": "0x56194e01a5d0"}

ee{"prim": "sha256","op": "update","ctx": "0x56194e01a5d0","bytes": 64}

ee{"prim": "sha256","op": "update","ctx": "0x56194e01a5d0","bytes": 32}

ee{"prim": "sha256","op": "update","ctx": "0x56194e01a5d0","bytes": 64}

ee{"prim": "sha256","op": "update","ctx": "0x56194e01a5d0","bytes": 32}

ee{"prim": "sha256","op": "free","ctx": "0x56194e01a5d0"}

ee{"prim": "sha256","op": "init","ctx": "0x7ffd4dfedda0"}

ee{"prim": "sha256","op": "update","ctx": "0x7ffd4dfedda0","bytes": 0}

ee{"prim": "sha256","op": "free","ctx": "0x7ffd4dfedda0"}

ee{"prim": "sha256","op": "init","ctx": "0x56194e01a6e0"}

ee{"prim": "sha256","op": "update","ctx": "0x56194e01a6e0","bytes": 64}

ee{"prim": "sha256","op": "update","ctx": "0x56194e01a6e0","bytes": 0}

ee{"prim": "sha256","op": "update","ctx": "0x56194e01a6e0","bytes": 49}

ee{"prim": "sha256","op": "update","ctx": "0x56194e01a6e0","bytes": 1}

ee{"prim": "sha256","op": "update","ctx": "0x56194e01a6e0","bytes": 64}

ee{"prim": "sha256","op": "update","ctx": "0x56194e01a6e0","bytes": 32}

ee{"prim": "sha256","op": "free","ctx": "0x56194e01a6e0"}

ee{"prim": "sha256","op": "init","ctx": "0x56194e01bc30"}

ee{"prim": "sha256","op": "update","ctx": "0x56194e01bc30","bytes": 64}

ee{"prim": "sha256","op": "update","ctx": "0x56194e01bc30","bytes": 32}

ee{"prim": "sha256","op": "update","ctx": "0x56194e01bc30","bytes": 64}

ee{"prim": "sha256","op": "update","ctx": "0x56194e01bc30","bytes": 32}

ee{"prim": "sha256","op": "free","ctx": "0x56194e01bc30"}

ee{"prim": "sha256","op": "init","ctx": "0x7ffd4dfedda0"}

ee{"prim": "sha256","op": "update","ctx": "0x7ffd4dfedda0","bytes": 0}

ee{"prim": "sha256","op": "free","ctx": "0x7ffd4dfedda0"}

ee{"prim": "sha256","op": "init","ctx": "0x56194e01bd40"}

ee{"prim": "sha256","op": "update","ctx": "0x56194e01bd40","bytes": 64}

ee{"prim": "sha256","op": "update","ctx": "0x56194e01bd40","bytes": 0}

ee{"prim": "sha256","op": "update","ctx": "0x56194e01bd40","bytes": 49}

ee{"prim": "sha256","op": "update","ctx": "0x56194e01bd40","bytes": 1}

ee{"prim": "sha256","op": "update","ctx": "0x56194e01bd40","bytes": 64}

ee{"prim": "sha256","op": "update","ctx": "0x56194e01bd40","bytes": 32}

ee{"prim": "sha256","op": "free","ctx": "0x56194e01bd40"}

ee{"prim": "sha256","op": "init","ctx": "0x56194e01be50"}

ee{"prim": "sha256","op": "update","ctx": "0x56194e01be50","bytes": 64}

ee{"prim": "sha256","op": "update","ctx": "0x56194e01be50","bytes": 32}

ee{"prim": "sha256","op": "update","ctx": "0x56194e01be50","bytes": 64}

ee{"prim": "sha256","op": "update","ctx": "0x56194e01be50","bytes": 32}

ee{"prim": "sha256","op": "free","ctx": "0x56194e01be50"}

ee{"prim": "sha256","op": "clone","ctx": "0x56194e019f78","ctx2": "0x7ffd4dfedfd0"}

ee{"prim": "sha256","op": "init","ctx": "0x56194e01bf60"}

ee{"prim": "sha256","op": "update","ctx": "0x56194e01bf60","bytes": 64}

ee{"prim": "sha256","op": "update","ctx": "0x56194e01bf60","bytes": 0}

ee{"prim": "sha256","op": "update","ctx": "0x56194e01bf60","bytes": 54}

ee{"prim": "sha256","op": "update","ctx": "0x56194e01bf60","bytes": 1}

ee{"prim": "sha256","op": "update","ctx": "0x56194e01bf60","bytes": 64}

ee{"prim": "sha256","op": "update","ctx": "0x56194e01bf60","bytes": 32}

ee{"prim": "sha256","op": "free","ctx": "0x56194e01bf60"}

ee{"prim": "sha256","op": "init","ctx": "0x56194e01c070"}

ee{"prim": "sha256","op": "update","ctx": "0x56194e01c070","bytes": 64}

ee{"prim": "sha256","op": "update","ctx": "0x56194e01c070","bytes": 0}

ee{"prim": "sha256","op": "update","ctx": "0x56194e01c070","bytes": 54}

ee{"prim": "sha256","op": "update","ctx": "0x56194e01c070","bytes": 1}

ee{"prim": "sha256","op": "update","ctx": "0x56194e01c070","bytes": 64}

ee{"prim": "sha256","op": "update","ctx": "0x56194e01c070","bytes": 32}

ee{"prim": "sha256","op": "free","ctx": "0x56194e01c070"}

ee{"prim": "sha256","op": "init","ctx": "0x56194e01ac50"}

ee{"prim": "sha256","op": "update","ctx": "0x56194e01ac50","bytes": 64}

ee{"prim": "sha256","op": "update","ctx": "0x56194e01ac50","bytes": 0}

ee{"prim": "sha256","op": "update","ctx": "0x56194e01ac50","bytes": 52}

ee{"prim": "sha256","op": "update","ctx": "0x56194e01ac50","bytes": 1}

ee{"prim": "sha256","op": "update","ctx": "0x56194e01ac50","bytes": 64}

ee{"prim": "sha256","op": "update","ctx": "0x56194e01ac50","bytes": 32}

ee{"prim": "sha256","op": "free","ctx": "0x56194e01ac50"}

ee{"prim": "sha256","op": "init","ctx": "0x56194e01ac50"}

ee{"prim": "sha256","op": "update","ctx": "0x56194e01ac50","bytes": 64}

ee{"prim": "sha256","op": "update","ctx": "0x56194e01ac50","bytes": 0}

ee{"prim": "sha256","op": "update","ctx": "0x56194e01ac50","bytes": 13}

ee{"prim": "sha256","op": "update","ctx": "0x56194e01ac50","bytes": 1}

ee{"prim": "sha256","op": "update","ctx": "0x56194e01ac50","bytes": 64}

ee{"prim": "sha256","op": "update","ctx": "0x56194e01ac50","bytes": 32}

ee{"prim": "sha256","op": "free","ctx": "0x56194e01ac50"}

ee{"prim": "sha256","op": "init","ctx": "0x56194e01ac50"}

ee{"prim": "sha256","op": "update","ctx": "0x56194e01ac50","bytes": 64}

ee{"prim": "sha256","op": "update","ctx": "0x56194e01ac50","bytes": 0}

ee{"prim": "sha256","op": "update","ctx": "0x56194e01ac50","bytes": 13}

ee{"prim": "sha256","op": "update","ctx": "0x56194e01ac50","bytes": 1}

ee{"prim": "sha256","op": "update","ctx": "0x56194e01ac50","bytes": 64}

ee{"prim": "sha256","op": "update","ctx": "0x56194e01ac50","bytes": 32}

ee{"prim": "sha256","op": "free","ctx": "0x56194e01ac50"}

ee{"prim": "sha256","op": "init","ctx": "0x56194e01ac50"}

ee{"prim": "sha256","op": "update","ctx": "0x56194e01ac50","bytes": 64}

ee{"prim": "sha256","op": "update","ctx": "0x56194e01ac50","bytes": 0}

ee{"prim": "sha256","op": "update","ctx": "0x56194e01ac50","bytes": 12}

ee{"prim": "sha256","op": "update","ctx": "0x56194e01ac50","bytes": 1}

ee{"prim": "sha256","op": "update","ctx": "0x56194e01ac50","bytes": 64}

ee{"prim": "sha256","op": "update","ctx": "0x56194e01ac50","bytes": 32}

ee{"prim": "sha256","op": "free","ctx": "0x56194e01ac50"}

ee{"prim": "sha256","op": "init","ctx": "0x56194e01ac50"}

ee{"prim": "sha256","op": "update","ctx": "0x56194e01ac50","bytes": 64}

ee{"prim": "sha256","op": "update","ctx": "0x56194e01ac50","bytes": 0}

ee{"prim": "sha256","op": "update","ctx": "0x56194e01ac50","bytes": 12}

ee{"prim": "sha256","op": "update","ctx": "0x56194e01ac50","bytes": 1}

ee{"prim": "sha256","op": "update","ctx": "0x56194e01ac50","bytes": 64}

ee{"prim": "sha256","op": "update","ctx": "0x56194e01ac50","bytes": 32}

ee{"prim": "sha256","op": "free","ctx": "0x56194e01ac50"}

ee{"prim": "sha256","op": "free","ctx": "0x7ffd4dfedfd0"}

ee{"prim": "ccm","op": "init","ctx": "0x56194e01ade0"}

ee{"prim": "ccm","op": "init","ctx": "0x56194e01b7b0"}

ee{"prim": "aes","op": "init","ctx": "0x56194e01b850"}

ee{"prim": "aes","op": "init","ctx": "0x56194e01b9c0"}

ee{"prim": "ccm","op": "decrypt","ctx": "0x56194e01b7b0","bytes": 11}

ee{"prim": "aes","op": "encrypt","ctx": "0x56194e01b9c0","bytes": 16}

ee{"prim": "aes","op": "encrypt","ctx": "0x56194e01b9c0","bytes": 16}

ee{"prim": "aes","op": "encrypt","ctx": "0x56194e01b9c0","bytes": 16}

ee{"prim": "aes","op": "encrypt","ctx": "0x56194e01b9c0","bytes": 16}

ee{"prim": "aes","op": "encrypt","ctx": "0x56194e01b9c0","bytes": 16}

ee{"prim": "sha256","op": "update","ctx": "0x56194e019f78","bytes": 10}
client state: 6

ee{"prim": "ccm","op": "decrypt","ctx": "0x56194e01b7b0","bytes": 16}

ee{"prim": "aes","op": "encrypt","ctx": "0x56194e01b9c0","bytes": 16}

ee{"prim": "aes","op": "encrypt","ctx": "0x56194e01b9c0","bytes": 16}

ee{"prim": "aes","op": "encrypt","ctx": "0x56194e01b9c0","bytes": 16}

ee{"prim": "aes","op": "encrypt","ctx": "0x56194e01b9c0","bytes": 16}

ee{"prim": "aes","op": "encrypt","ctx": "0x56194e01b9c0","bytes": 16}

ee{"prim": "sha256","op": "update","ctx": "0x56194e019f78","bytes": 15}
client state: 7

ee{"prim": "ccm","op": "decrypt","ctx": "0x56194e01b7b0","bytes": 301}

ee{"prim": "aes","op": "encrypt","ctx": "0x56194e01b9c0","bytes": 16}

ee{"prim": "aes","op": "encrypt","ctx": "0x56194e01b9c0","bytes": 16}

ee{"prim": "aes","op": "encrypt","ctx": "0x56194e01b9c0","bytes": 16}

ee{"prim": "aes","op": "encrypt","ctx": "0x56194e01b9c0","bytes": 16}

ee{"prim": "aes","op": "encrypt","ctx": "0x56194e01b9c0","bytes": 16}

ee{"prim": "aes","op": "encrypt","ctx": "0x56194e01b9c0","bytes": 16}

ee{"prim": "aes","op": "encrypt","ctx": "0x56194e01b9c0","bytes": 16}

ee{"prim": "aes","op": "encrypt","ctx": "0x56194e01b9c0","bytes": 16}

ee{"prim": "aes","op": "encrypt","ctx": "0x56194e01b9c0","bytes": 16}

ee{"prim": "aes","op": "encrypt","ctx": "0x56194e01b9c0","bytes": 16}

ee{"prim": "aes","op": "encrypt","ctx": "0x56194e01b9c0","bytes": 16}

ee{"prim": "aes","op": "encrypt","ctx": "0x56194e01b9c0","bytes": 16}

ee{"prim": "aes","op": "encrypt","ctx": "0x56194e01b9c0","bytes": 16}

ee{"prim": "aes","op": "encrypt","ctx": "0x56194e01b9c0","bytes": 16}

ee{"prim": "aes","op": "encrypt","ctx": "0x56194e01b9c0","bytes": 16}

ee{"prim": "aes","op": "encrypt","ctx": "0x56194e01b9c0","bytes": 16}

ee{"prim": "aes","op": "encrypt","ctx": "0x56194e01b9c0","bytes": 16}

ee{"prim": "aes","op": "encrypt","ctx": "0x56194e01b9c0","bytes": 16}

ee{"prim": "aes","op": "encrypt","ctx": "0x56194e01b9c0","bytes": 16}

ee{"prim": "aes","op": "encrypt","ctx": "0x56194e01b9c0","bytes": 16}

ee{"prim": "aes","op": "encrypt","ctx": "0x56194e01b9c0","bytes": 16}

ee{"prim": "aes","op": "encrypt","ctx": "0x56194e01b9c0","bytes": 16}

ee{"prim": "aes","op": "encrypt","ctx": "0x56194e01b9c0","bytes": 16}

ee{"prim": "aes","op": "encrypt","ctx": "0x56194e01b9c0","bytes": 16}

ee{"prim": "aes","op": "encrypt","ctx": "0x56194e01b9c0","bytes": 16}

ee{"prim": "aes","op": "encrypt","ctx": "0x56194e01b9c0","bytes": 16}

ee{"prim": "aes","op": "encrypt","ctx": "0x56194e01b9c0","bytes": 16}

ee{"prim": "aes","op": "encrypt","ctx": "0x56194e01b9c0","bytes": 16}

ee{"prim": "aes","op": "encrypt","ctx": "0x56194e01b9c0","bytes": 16}

ee{"prim": "aes","op": "encrypt","ctx": "0x56194e01b9c0","bytes": 16}

ee{"prim": "aes","op": "encrypt","ctx": "0x56194e01b9c0","bytes": 16}

ee{"prim": "aes","op": "encrypt","ctx": "0x56194e01b9c0","bytes": 16}

ee{"prim": "aes","op": "encrypt","ctx": "0x56194e01b9c0","bytes": 16}

ee{"prim": "aes","op": "encrypt","ctx": "0x56194e01b9c0","bytes": 16}

ee{"prim": "aes","op": "encrypt","ctx": "0x56194e01b9c0","bytes": 16}

ee{"prim": "aes","op": "encrypt","ctx": "0x56194e01b9c0","bytes": 16}

ee{"prim": "aes","op": "encrypt","ctx": "0x56194e01b9c0","bytes": 16}

ee{"prim": "aes","op": "encrypt","ctx": "0x56194e01b9c0","bytes": 16}

ee{"prim": "aes","op": "encrypt","ctx": "0x56194e01b9c0","bytes": 16}

ee{"prim": "aes","op": "encrypt","ctx": "0x56194e01b9c0","bytes": 16}

ee{"prim": "aes","op": "encrypt","ctx": "0x56194e01b9c0","bytes": 16}

ee{"prim": "sha256","op": "update","ctx": "0x56194e019f78","bytes": 300}

ee{"prim": "sha256","op": "init","ctx": "0x7ffd4dfedcf0"}

ee{"prim": "sha256","op": "update","ctx": "0x7ffd4dfedcf0","bytes": 197}

ee{"prim": "sha256","op": "free","ctx": "0x7ffd4dfedcf0"}

ee{"prim": "ecdsa","op": "init","ctx": "0x7ffd4dfedb60"}

ee{"prim": "ecdsa","op": "read_signature","ctx": "0x7ffd4dfedb60"}

ee{"prim": "sha256","op": "init","ctx": "0x56194e01c140"}

ee{"prim": "sha256","op": "update","ctx": "0x56194e01c140","bytes": 64}

ee{"prim": "sha256","op": "update","ctx": "0x56194e01c140","bytes": 64}

ee{"prim": "sha256","op": "update","ctx": "0x56194e01c140","bytes": 32}

ee{"prim": "sha256","op": "update","ctx": "0x56194e01c140","bytes": 1}

ee{"prim": "sha256","op": "update","ctx": "0x56194e01c140","bytes": 32}

ee{"prim": "sha256","op": "update","ctx": "0x56194e01c140","bytes": 64}

ee{"prim": "sha256","op": "update","ctx": "0x56194e01c140","bytes": 32}

ee{"prim": "sha256","op": "update","ctx": "0x56194e01c140","bytes": 64}

ee{"prim": "sha256","op": "update","ctx": "0x56194e01c140","bytes": 32}

ee{"prim": "sha256","op": "update","ctx": "0x56194e01c140","bytes": 64}

ee{"prim": "sha256","op": "update","ctx": "0x56194e01c140","bytes": 32}

ee{"prim": "sha256","op": "update","ctx": "0x56194e01c140","bytes": 64}

ee{"prim": "sha256","op": "update","ctx": "0x56194e01c140","bytes": 32}

ee{"prim": "sha256","op": "update","ctx": "0x56194e01c140","bytes": 1}

ee{"prim": "sha256","op": "update","ctx": "0x56194e01c140","bytes": 32}

ee{"prim": "sha256","op": "update","ctx": "0x56194e01c140","bytes": 64}

ee{"prim": "sha256","op": "update","ctx": "0x56194e01c140","bytes": 32}

ee{"prim": "sha256","op": "update","ctx": "0x56194e01c140","bytes": 64}

ee{"prim": "sha256","op": "update","ctx": "0x56194e01c140","bytes": 32}

ee{"prim": "sha256","op": "update","ctx": "0x56194e01c140","bytes": 64}

ee{"prim": "sha256","op": "update","ctx": "0x56194e01c140","bytes": 32}

ee{"prim": "sha256","op": "update","ctx": "0x56194e01c140","bytes": 64}

ee{"prim": "sha256","op": "update","ctx": "0x56194e01c140","bytes": 32}

ee{"prim": "sha256","op": "update","ctx": "0x56194e01c140","bytes": 64}

ee{"prim": "sha256","op": "update","ctx": "0x56194e01c140","bytes": 32}

ee{"prim": "sha256","op": "update","ctx": "0x56194e01c140","bytes": 64}

ee{"prim": "sha256","op": "update","ctx": "0x56194e01c140","bytes": 32}

ee{"prim": "sha256","op": "update","ctx": "0x56194e01c140","bytes": 1}

ee{"prim": "sha256","op": "update","ctx": "0x56194e01c140","bytes": 64}

ee{"prim": "sha256","op": "update","ctx": "0x56194e01c140","bytes": 32}

ee{"prim": "sha256","op": "update","ctx": "0x56194e01c140","bytes": 64}

ee{"prim": "sha256","op": "update","ctx": "0x56194e01c140","bytes": 32}

ee{"prim": "sha256","op": "update","ctx": "0x56194e01c140","bytes": 64}

ee{"prim": "sha256","op": "update","ctx": "0x56194e01c140","bytes": 32}

ee{"prim": "sha256","op": "update","ctx": "0x56194e01c140","bytes": 64}

ee{"prim": "sha256","op": "update","ctx": "0x56194e01c140","bytes": 32}

ee{"prim": "sha256","op": "update","ctx": "0x56194e01c140","bytes": 64}

ee{"prim": "sha256","op": "update","ctx": "0x56194e01c140","bytes": 32}

ee{"prim": "sha256","op": "update","ctx": "0x56194e01c140","bytes": 64}

ee{"prim": "sha256","op": "update","ctx": "0x56194e01c140","bytes": 32}

ee{"prim": "sha256","op": "update","ctx": "0x56194e01c140","bytes": 1}

ee{"prim": "sha256","op": "update","ctx": "0x56194e01c140","bytes": 64}

ee{"prim": "sha256","op": "update","ctx": "0x56194e01c140","bytes": 32}

ee{"prim": "sha256","op": "update","ctx": "0x56194e01c140","bytes": 64}

ee{"prim": "sha256","op": "update","ctx": "0x56194e01c140","bytes": 32}

ee{"prim": "sha256","op": "update","ctx": "0x56194e01c140","bytes": 64}

ee{"prim": "sha256","op": "update","ctx": "0x56194e01c140","bytes": 32}

ee{"prim": "sha256","op": "free","ctx": "0x56194e01c140"}

ee{"prim": "sha256","op": "init","ctx": "0x56194e01c140"}

ee{"prim": "sha256","op": "update","ctx": "0x56194e01c140","bytes": 64}

ee{"prim": "sha256","op": "update","ctx": "0x56194e01c140","bytes": 64}

ee{"prim": "sha256","op": "update","ctx": "0x56194e01c140","bytes": 32}

ee{"prim": "sha256","op": "update","ctx": "0x56194e01c140","bytes": 1}

ee{"prim": "sha256","op": "update","ctx": "0x56194e01c140","bytes": 32}

ee{"prim": "sha256","op": "update","ctx": "0x56194e01c140","bytes": 64}

ee{"prim": "sha256","op": "update","ctx": "0x56194e01c140","bytes": 32}

ee{"prim": "sha256","op": "update","ctx": "0x56194e01c140","bytes": 64}

ee{"prim": "sha256","op": "update","ctx": "0x56194e01c140","bytes": 32}

ee{"prim": "sha256","op": "update","ctx": "0x56194e01c140","bytes": 64}

ee{"prim": "sha256","op": "update","ctx": "0x56194e01c140","bytes": 32}

ee{"prim": "sha256","op": "update","ctx": "0x56194e01c140","bytes": 64}

ee{"prim": "sha256","op": "update","ctx": "0x56194e01c140","bytes": 32}

ee{"prim": "sha256","op": "update","ctx": "0x56194e01c140","bytes": 1}

ee{"prim": "sha256","op": "update","ctx": "0x56194e01c140","bytes": 32}

ee{"prim": "sha256","op": "update","ctx": "0x56194e01c140","bytes": 64}

ee{"prim": "sha256","op": "update","ctx": "0x56194e01c140","bytes": 32}

ee{"prim": "sha256","op": "update","ctx": "0x56194e01c140","bytes": 64}

ee{"prim": "sha256","op": "update","ctx": "0x56194e01c140","bytes": 32}

ee{"prim": "sha256","op": "update","ctx": "0x56194e01c140","bytes": 64}

ee{"prim": "sha256","op": "update","ctx": "0x56194e01c140","bytes": 32}

ee{"prim": "sha256","op": "update","ctx": "0x56194e01c140","bytes": 64}

ee{"prim": "sha256","op": "update","ctx": "0x56194e01c140","bytes": 32}

ee{"prim": "sha256","op": "update","ctx": "0x56194e01c140","bytes": 64}

ee{"prim": "sha256","op": "update","ctx": "0x56194e01c140","bytes": 32}

ee{"prim": "sha256","op": "update","ctx": "0x56194e01c140","bytes": 64}

ee{"prim": "sha256","op": "update","ctx": "0x56194e01c140","bytes": 32}

ee{"prim": "sha256","op": "update","ctx": "0x56194e01c140","bytes": 1}

ee{"prim": "sha256","op": "update","ctx": "0x56194e01c140","bytes": 64}

ee{"prim": "sha256","op": "update","ctx": "0x56194e01c140","bytes": 32}

ee{"prim": "sha256","op": "update","ctx": "0x56194e01c140","bytes": 64}

ee{"prim": "sha256","op": "update","ctx": "0x56194e01c140","bytes": 32}

ee{"prim": "sha256","op": "update","ctx": "0x56194e01c140","bytes": 64}

ee{"prim": "sha256","op": "update","ctx": "0x56194e01c140","bytes": 32}

ee{"prim": "sha256","op": "update","ctx": "0x56194e01c140","bytes": 64}

ee{"prim": "sha256","op": "update","ctx": "0x56194e01c140","bytes": 32}

ee{"prim": "sha256","op": "update","ctx": "0x56194e01c140","bytes": 64}

ee{"prim": "sha256","op": "update","ctx": "0x56194e01c140","bytes": 32}

ee{"prim": "sha256","op": "update","ctx": "0x56194e01c140","bytes": 64}

ee{"prim": "sha256","op": "update","ctx": "0x56194e01c140","bytes": 32}

ee{"prim": "sha256","op": "update","ctx": "0x56194e01c140","bytes": 1}

ee{"prim": "sha256","op": "update","ctx": "0x56194e01c140","bytes": 64}

ee{"prim": "sha256","op": "update","ctx": "0x56194e01c140","bytes": 32}

ee{"prim": "sha256","op": "update","ctx": "0x56194e01c140","bytes": 64}

ee{"prim": "sha256","op": "update","ctx": "0x56194e01c140","bytes": 32}

ee{"prim": "sha256","op": "update","ctx": "0x56194e01c140","bytes": 64}

ee{"prim": "sha256","op": "update","ctx": "0x56194e01c140","bytes": 32}

ee{"prim": "sha256","op": "free","ctx": "0x56194e01c140"}

ee{"prim": "ecdsa","op": "read_signature-EXIT","ctx": "0x7ffd4dfedb60"}

ee{"prim": "ecdsa","op": "free","ctx": "0x7ffd4dfedb60"}
client state: 8

ee{"prim": "sha256","op": "init","ctx": "0x7ffd4dfedfd0"}

ee{"prim": "sha256","op": "clone","ctx": "0x56194e019f78","ctx2": "0x7ffd4dfedfd0"}

ee{"prim": "sha256","op": "init","ctx": "0x7ffd4dfedee0"}

ee{"prim": "sha256","op": "update","ctx": "0x7ffd4dfedee0","bytes": 130}

ee{"prim": "sha256","op": "free","ctx": "0x7ffd4dfedee0"}

ee{"prim": "sha256","op": "free","ctx": "0x7ffd4dfedfd0"}

ee{"prim": "ccm","op": "decrypt","ctx": "0x56194e01b7b0","bytes": 80}

ee{"prim": "aes","op": "encrypt","ctx": "0x56194e01b9c0","bytes": 16}

ee{"prim": "aes","op": "encrypt","ctx": "0x56194e01b9c0","bytes": 16}

ee{"prim": "aes","op": "encrypt","ctx": "0x56194e01b9c0","bytes": 16}

ee{"prim": "aes","op": "encrypt","ctx": "0x56194e01b9c0","bytes": 16}

ee{"prim": "aes","op": "encrypt","ctx": "0x56194e01b9c0","bytes": 16}

ee{"prim": "aes","op": "encrypt","ctx": "0x56194e01b9c0","bytes": 16}

ee{"prim": "aes","op": "encrypt","ctx": "0x56194e01b9c0","bytes": 16}

ee{"prim": "aes","op": "encrypt","ctx": "0x56194e01b9c0","bytes": 16}

ee{"prim": "aes","op": "encrypt","ctx": "0x56194e01b9c0","bytes": 16}

ee{"prim": "aes","op": "encrypt","ctx": "0x56194e01b9c0","bytes": 16}

ee{"prim": "aes","op": "encrypt","ctx": "0x56194e01b9c0","bytes": 16}

ee{"prim": "aes","op": "encrypt","ctx": "0x56194e01b9c0","bytes": 16}

ee{"prim": "aes","op": "encrypt","ctx": "0x56194e01b9c0","bytes": 16}

ee{"prim": "sha256","op": "update","ctx": "0x56194e019f78","bytes": 79}

ee{"prim": "ecdsa","op": "init","ctx": "0x7ffd4dfedf00"}

ee{"prim": "ecdsa","op": "read_signature","ctx": "0x7ffd4dfedf00"}

ee{"prim": "sha256","op": "init","ctx": "0x56194e01c140"}

ee{"prim": "sha256","op": "update","ctx": "0x56194e01c140","bytes": 64}

ee{"prim": "sha256","op": "update","ctx": "0x56194e01c140","bytes": 64}

ee{"prim": "sha256","op": "update","ctx": "0x56194e01c140","bytes": 32}

ee{"prim": "sha256","op": "update","ctx": "0x56194e01c140","bytes": 1}

ee{"prim": "sha256","op": "update","ctx": "0x56194e01c140","bytes": 32}

ee{"prim": "sha256","op": "update","ctx": "0x56194e01c140","bytes": 64}

ee{"prim": "sha256","op": "update","ctx": "0x56194e01c140","bytes": 32}

ee{"prim": "sha256","op": "update","ctx": "0x56194e01c140","bytes": 64}

ee{"prim": "sha256","op": "update","ctx": "0x56194e01c140","bytes": 32}

ee{"prim": "sha256","op": "update","ctx": "0x56194e01c140","bytes": 64}

ee{"prim": "sha256","op": "update","ctx": "0x56194e01c140","bytes": 32}

ee{"prim": "sha256","op": "update","ctx": "0x56194e01c140","bytes": 64}

ee{"prim": "sha256","op": "update","ctx": "0x56194e01c140","bytes": 32}

ee{"prim": "sha256","op": "update","ctx": "0x56194e01c140","bytes": 1}

ee{"prim": "sha256","op": "update","ctx": "0x56194e01c140","bytes": 32}

ee{"prim": "sha256","op": "update","ctx": "0x56194e01c140","bytes": 64}

ee{"prim": "sha256","op": "update","ctx": "0x56194e01c140","bytes": 32}

ee{"prim": "sha256","op": "update","ctx": "0x56194e01c140","bytes": 64}

ee{"prim": "sha256","op": "update","ctx": "0x56194e01c140","bytes": 32}

ee{"prim": "sha256","op": "update","ctx": "0x56194e01c140","bytes": 64}

ee{"prim": "sha256","op": "update","ctx": "0x56194e01c140","bytes": 32}

ee{"prim": "sha256","op": "update","ctx": "0x56194e01c140","bytes": 64}

ee{"prim": "sha256","op": "update","ctx": "0x56194e01c140","bytes": 32}

ee{"prim": "sha256","op": "update","ctx": "0x56194e01c140","bytes": 64}

ee{"prim": "sha256","op": "update","ctx": "0x56194e01c140","bytes": 32}

ee{"prim": "sha256","op": "update","ctx": "0x56194e01c140","bytes": 64}

ee{"prim": "sha256","op": "update","ctx": "0x56194e01c140","bytes": 32}

ee{"prim": "sha256","op": "update","ctx": "0x56194e01c140","bytes": 1}

ee{"prim": "sha256","op": "update","ctx": "0x56194e01c140","bytes": 64}

ee{"prim": "sha256","op": "update","ctx": "0x56194e01c140","bytes": 32}

ee{"prim": "sha256","op": "update","ctx": "0x56194e01c140","bytes": 64}

ee{"prim": "sha256","op": "update","ctx": "0x56194e01c140","bytes": 32}

ee{"prim": "sha256","op": "update","ctx": "0x56194e01c140","bytes": 64}

ee{"prim": "sha256","op": "update","ctx": "0x56194e01c140","bytes": 32}

ee{"prim": "sha256","op": "update","ctx": "0x56194e01c140","bytes": 64}

ee{"prim": "sha256","op": "update","ctx": "0x56194e01c140","bytes": 32}

ee{"prim": "sha256","op": "update","ctx": "0x56194e01c140","bytes": 64}

ee{"prim": "sha256","op": "update","ctx": "0x56194e01c140","bytes": 32}

ee{"prim": "sha256","op": "update","ctx": "0x56194e01c140","bytes": 64}

ee{"prim": "sha256","op": "update","ctx": "0x56194e01c140","bytes": 32}

ee{"prim": "sha256","op": "update","ctx": "0x56194e01c140","bytes": 1}

ee{"prim": "sha256","op": "update","ctx": "0x56194e01c140","bytes": 64}

ee{"prim": "sha256","op": "update","ctx": "0x56194e01c140","bytes": 32}

ee{"prim": "sha256","op": "update","ctx": "0x56194e01c140","bytes": 64}

ee{"prim": "sha256","op": "update","ctx": "0x56194e01c140","bytes": 32}

ee{"prim": "sha256","op": "update","ctx": "0x56194e01c140","bytes": 64}

ee{"prim": "sha256","op": "update","ctx": "0x56194e01c140","bytes": 32}

ee{"prim": "sha256","op": "free","ctx": "0x56194e01c140"}

ee{"prim": "sha256","op": "init","ctx": "0x56194e01c140"}

ee{"prim": "sha256","op": "update","ctx": "0x56194e01c140","bytes": 64}

ee{"prim": "sha256","op": "update","ctx": "0x56194e01c140","bytes": 64}

ee{"prim": "sha256","op": "update","ctx": "0x56194e01c140","bytes": 32}

ee{"prim": "sha256","op": "update","ctx": "0x56194e01c140","bytes": 1}

ee{"prim": "sha256","op": "update","ctx": "0x56194e01c140","bytes": 32}

ee{"prim": "sha256","op": "update","ctx": "0x56194e01c140","bytes": 64}

ee{"prim": "sha256","op": "update","ctx": "0x56194e01c140","bytes": 32}

ee{"prim": "sha256","op": "update","ctx": "0x56194e01c140","bytes": 64}

ee{"prim": "sha256","op": "update","ctx": "0x56194e01c140","bytes": 32}

ee{"prim": "sha256","op": "update","ctx": "0x56194e01c140","bytes": 64}

ee{"prim": "sha256","op": "update","ctx": "0x56194e01c140","bytes": 32}

ee{"prim": "sha256","op": "update","ctx": "0x56194e01c140","bytes": 64}

ee{"prim": "sha256","op": "update","ctx": "0x56194e01c140","bytes": 32}

ee{"prim": "sha256","op": "update","ctx": "0x56194e01c140","bytes": 1}

ee{"prim": "sha256","op": "update","ctx": "0x56194e01c140","bytes": 32}

ee{"prim": "sha256","op": "update","ctx": "0x56194e01c140","bytes": 64}

ee{"prim": "sha256","op": "update","ctx": "0x56194e01c140","bytes": 32}

ee{"prim": "sha256","op": "update","ctx": "0x56194e01c140","bytes": 64}

ee{"prim": "sha256","op": "update","ctx": "0x56194e01c140","bytes": 32}

ee{"prim": "sha256","op": "update","ctx": "0x56194e01c140","bytes": 64}

ee{"prim": "sha256","op": "update","ctx": "0x56194e01c140","bytes": 32}

ee{"prim": "sha256","op": "update","ctx": "0x56194e01c140","bytes": 64}

ee{"prim": "sha256","op": "update","ctx": "0x56194e01c140","bytes": 32}

ee{"prim": "sha256","op": "update","ctx": "0x56194e01c140","bytes": 64}

ee{"prim": "sha256","op": "update","ctx": "0x56194e01c140","bytes": 32}

ee{"prim": "sha256","op": "update","ctx": "0x56194e01c140","bytes": 64}

ee{"prim": "sha256","op": "update","ctx": "0x56194e01c140","bytes": 32}

ee{"prim": "sha256","op": "update","ctx": "0x56194e01c140","bytes": 1}

ee{"prim": "sha256","op": "update","ctx": "0x56194e01c140","bytes": 64}

ee{"prim": "sha256","op": "update","ctx": "0x56194e01c140","bytes": 32}

ee{"prim": "sha256","op": "update","ctx": "0x56194e01c140","bytes": 64}

ee{"prim": "sha256","op": "update","ctx": "0x56194e01c140","bytes": 32}

ee{"prim": "sha256","op": "update","ctx": "0x56194e01c140","bytes": 64}

ee{"prim": "sha256","op": "update","ctx": "0x56194e01c140","bytes": 32}

ee{"prim": "sha256","op": "update","ctx": "0x56194e01c140","bytes": 64}

ee{"prim": "sha256","op": "update","ctx": "0x56194e01c140","bytes": 32}

ee{"prim": "sha256","op": "update","ctx": "0x56194e01c140","bytes": 64}

ee{"prim": "sha256","op": "update","ctx": "0x56194e01c140","bytes": 32}

ee{"prim": "sha256","op": "update","ctx": "0x56194e01c140","bytes": 64}

ee{"prim": "sha256","op": "update","ctx": "0x56194e01c140","bytes": 32}

ee{"prim": "sha256","op": "update","ctx": "0x56194e01c140","bytes": 1}

ee{"prim": "sha256","op": "update","ctx": "0x56194e01c140","bytes": 64}

ee{"prim": "sha256","op": "update","ctx": "0x56194e01c140","bytes": 32}

ee{"prim": "sha256","op": "update","ctx": "0x56194e01c140","bytes": 64}

ee{"prim": "sha256","op": "update","ctx": "0x56194e01c140","bytes": 32}

ee{"prim": "sha256","op": "update","ctx": "0x56194e01c140","bytes": 64}

ee{"prim": "sha256","op": "update","ctx": "0x56194e01c140","bytes": 32}

ee{"prim": "sha256","op": "free","ctx": "0x56194e01c140"}

ee{"prim": "ecdsa","op": "read_signature-EXIT","ctx": "0x7ffd4dfedf00"}

ee{"prim": "ecdsa","op": "free","ctx": "0x7ffd4dfedf00"}
client state: 9

ee{"prim": "sha256","op": "init","ctx": "0x7ffd4dfee0a0"}

ee{"prim": "sha256","op": "clone","ctx": "0x56194e019f78","ctx2": "0x7ffd4dfee0a0"}

ee{"prim": "sha256","op": "init","ctx": "0x56194e01c140"}

ee{"prim": "sha256","op": "update","ctx": "0x56194e01c140","bytes": 64}

ee{"prim": "sha256","op": "update","ctx": "0x56194e01c140","bytes": 0}

ee{"prim": "sha256","op": "update","ctx": "0x56194e01c140","bytes": 18}

ee{"prim": "sha256","op": "update","ctx": "0x56194e01c140","bytes": 1}

ee{"prim": "sha256","op": "update","ctx": "0x56194e01c140","bytes": 64}

ee{"prim": "sha256","op": "update","ctx": "0x56194e01c140","bytes": 32}

ee{"prim": "sha256","op": "free","ctx": "0x56194e01c140"}

ee{"prim": "sha256","op": "init","ctx": "0x56194e01c140"}

ee{"prim": "sha256","op": "update","ctx": "0x56194e01c140","bytes": 64}

ee{"prim": "sha256","op": "update","ctx": "0x56194e01c140","bytes": 0}

ee{"prim": "sha256","op": "update","ctx": "0x56194e01c140","bytes": 18}

ee{"prim": "sha256","op": "update","ctx": "0x56194e01c140","bytes": 1}

ee{"prim": "sha256","op": "update","ctx": "0x56194e01c140","bytes": 64}

ee{"prim": "sha256","op": "update","ctx": "0x56194e01c140","bytes": 32}

ee{"prim": "sha256","op": "free","ctx": "0x56194e01c140"}

ee{"prim": "sha256","op": "init","ctx": "0x56194e01c140"}

ee{"prim": "sha256","op": "update","ctx": "0x56194e01c140","bytes": 64}

ee{"prim": "sha256","op": "update","ctx": "0x56194e01c140","bytes": 32}

ee{"prim": "sha256","op": "update","ctx": "0x56194e01c140","bytes": 64}

ee{"prim": "sha256","op": "update","ctx": "0x56194e01c140","bytes": 32}

ee{"prim": "sha256","op": "free","ctx": "0x56194e01c140"}

ee{"prim": "sha256","op": "free","ctx": "0x7ffd4dfee0a0"}

ee{"prim": "ccm","op": "decrypt","ctx": "0x56194e01b7b0","bytes": 37}

ee{"prim": "aes","op": "encrypt","ctx": "0x56194e01b9c0","bytes": 16}

ee{"prim": "aes","op": "encrypt","ctx": "0x56194e01b9c0","bytes": 16}

ee{"prim": "aes","op": "encrypt","ctx": "0x56194e01b9c0","bytes": 16}

ee{"prim": "aes","op": "encrypt","ctx": "0x56194e01b9c0","bytes": 16}

ee{"prim": "aes","op": "encrypt","ctx": "0x56194e01b9c0","bytes": 16}

ee{"prim": "aes","op": "encrypt","ctx": "0x56194e01b9c0","bytes": 16}

ee{"prim": "aes","op": "encrypt","ctx": "0x56194e01b9c0","bytes": 16}

ee{"prim": "aes","op": "encrypt","ctx": "0x56194e01b9c0","bytes": 16}

ee{"prim": "aes","op": "encrypt","ctx": "0x56194e01b9c0","bytes": 16}

ee{"prim": "sha256","op": "update","ctx": "0x56194e019f78","bytes": 36}

ee{"prim": "sha256","op": "init","ctx": "0x7ffd4dfee0f0"}

ee{"prim": "sha256","op": "clone","ctx": "0x56194e019f78","ctx2": "0x7ffd4dfee0f0"}

ee{"prim": "sha256","op": "free","ctx": "0x7ffd4dfee0f0"}
client state: 11

ee{"prim": "sha256","op": "update","ctx": "0x56194e019f78","bytes": 298}

ee{"prim": "ccm","op": "encrypt","ctx": "0x56194e01ade0","bytes": 299}

ee{"prim": "aes","op": "encrypt","ctx": "0x56194e01b850","bytes": 16}

ee{"prim": "aes","op": "encrypt","ctx": "0x56194e01b850","bytes": 16}

ee{"prim": "aes","op": "encrypt","ctx": "0x56194e01b850","bytes": 16}

ee{"prim": "aes","op": "encrypt","ctx": "0x56194e01b850","bytes": 16}

ee{"prim": "aes","op": "encrypt","ctx": "0x56194e01b850","bytes": 16}

ee{"prim": "aes","op": "encrypt","ctx": "0x56194e01b850","bytes": 16}

ee{"prim": "aes","op": "encrypt","ctx": "0x56194e01b850","bytes": 16}

ee{"prim": "aes","op": "encrypt","ctx": "0x56194e01b850","bytes": 16}

ee{"prim": "aes","op": "encrypt","ctx": "0x56194e01b850","bytes": 16}

ee{"prim": "aes","op": "encrypt","ctx": "0x56194e01b850","bytes": 16}

ee{"prim": "aes","op": "encrypt","ctx": "0x56194e01b850","bytes": 16}

ee{"prim": "aes","op": "encrypt","ctx": "0x56194e01b850","bytes": 16}

ee{"prim": "aes","op": "encrypt","ctx": "0x56194e01b850","bytes": 16}

ee{"prim": "aes","op": "encrypt","ctx": "0x56194e01b850","bytes": 16}

ee{"prim": "aes","op": "encrypt","ctx": "0x56194e01b850","bytes": 16}

ee{"prim": "aes","op": "encrypt","ctx": "0x56194e01b850","bytes": 16}

ee{"prim": "aes","op": "encrypt","ctx": "0x56194e01b850","bytes": 16}

ee{"prim": "aes","op": "encrypt","ctx": "0x56194e01b850","bytes": 16}

ee{"prim": "aes","op": "encrypt","ctx": "0x56194e01b850","bytes": 16}

ee{"prim": "aes","op": "encrypt","ctx": "0x56194e01b850","bytes": 16}

ee{"prim": "aes","op": "encrypt","ctx": "0x56194e01b850","bytes": 16}

ee{"prim": "aes","op": "encrypt","ctx": "0x56194e01b850","bytes": 16}

ee{"prim": "aes","op": "encrypt","ctx": "0x56194e01b850","bytes": 16}

ee{"prim": "aes","op": "encrypt","ctx": "0x56194e01b850","bytes": 16}

ee{"prim": "aes","op": "encrypt","ctx": "0x56194e01b850","bytes": 16}

ee{"prim": "aes","op": "encrypt","ctx": "0x56194e01b850","bytes": 16}

ee{"prim": "aes","op": "encrypt","ctx": "0x56194e01b850","bytes": 16}

ee{"prim": "aes","op": "encrypt","ctx": "0x56194e01b850","bytes": 16}

ee{"prim": "aes","op": "encrypt","ctx": "0x56194e01b850","bytes": 16}

ee{"prim": "aes","op": "encrypt","ctx": "0x56194e01b850","bytes": 16}

ee{"prim": "aes","op": "encrypt","ctx": "0x56194e01b850","bytes": 16}

ee{"prim": "aes","op": "encrypt","ctx": "0x56194e01b850","bytes": 16}

ee{"prim": "aes","op": "encrypt","ctx": "0x56194e01b850","bytes": 16}

ee{"prim": "aes","op": "encrypt","ctx": "0x56194e01b850","bytes": 16}

ee{"prim": "aes","op": "encrypt","ctx": "0x56194e01b850","bytes": 16}

ee{"prim": "aes","op": "encrypt","ctx": "0x56194e01b850","bytes": 16}

ee{"prim": "aes","op": "encrypt","ctx": "0x56194e01b850","bytes": 16}

ee{"prim": "aes","op": "encrypt","ctx": "0x56194e01b850","bytes": 16}

ee{"prim": "aes","op": "encrypt","ctx": "0x56194e01b850","bytes": 16}

ee{"prim": "aes","op": "encrypt","ctx": "0x56194e01b850","bytes": 16}

ee{"prim": "aes","op": "encrypt","ctx": "0x56194e01b850","bytes": 16}
client state: 12

ee{"prim": "sha256","op": "init","ctx": "0x7ffd4dfedf40"}

ee{"prim": "sha256","op": "clone","ctx": "0x56194e019f78","ctx2": "0x7ffd4dfedf40"}

ee{"prim": "sha256","op": "init","ctx": "0x7ffd4dfede50"}

ee{"prim": "sha256","op": "update","ctx": "0x7ffd4dfede50","bytes": 130}

ee{"prim": "sha256","op": "free","ctx": "0x7ffd4dfede50"}

ee{"prim": "sha256","op": "free","ctx": "0x7ffd4dfedf40"}

ee{"prim": "ecdsa","op": "init","ctx": "0x7ffd4dfedea0"}

ee{"prim": "ecdsa","op": "write_signature","ctx": "0x7ffd4dfedea0"}

ee{"prim": "sha256","op": "init","ctx": "0x56194e01c140"}

ee{"prim": "sha256","op": "update","ctx": "0x56194e01c140","bytes": 64}

ee{"prim": "sha256","op": "update","ctx": "0x56194e01c140","bytes": 64}

ee{"prim": "sha256","op": "update","ctx": "0x56194e01c140","bytes": 32}

ee{"prim": "sha256","op": "update","ctx": "0x56194e01c140","bytes": 1}

ee{"prim": "sha256","op": "update","ctx": "0x56194e01c140","bytes": 64}

ee{"prim": "sha256","op": "update","ctx": "0x56194e01c140","bytes": 64}

ee{"prim": "sha256","op": "update","ctx": "0x56194e01c140","bytes": 32}

ee{"prim": "sha256","op": "update","ctx": "0x56194e01c140","bytes": 64}

ee{"prim": "sha256","op": "update","ctx": "0x56194e01c140","bytes": 32}

ee{"prim": "sha256","op": "update","ctx": "0x56194e01c140","bytes": 64}

ee{"prim": "sha256","op": "update","ctx": "0x56194e01c140","bytes": 32}

ee{"prim": "sha256","op": "update","ctx": "0x56194e01c140","bytes": 64}

ee{"prim": "sha256","op": "update","ctx": "0x56194e01c140","bytes": 32}

ee{"prim": "sha256","op": "update","ctx": "0x56194e01c140","bytes": 1}

ee{"prim": "sha256","op": "update","ctx": "0x56194e01c140","bytes": 64}

ee{"prim": "sha256","op": "update","ctx": "0x56194e01c140","bytes": 64}

ee{"prim": "sha256","op": "update","ctx": "0x56194e01c140","bytes": 32}

ee{"prim": "sha256","op": "update","ctx": "0x56194e01c140","bytes": 64}

ee{"prim": "sha256","op": "update","ctx": "0x56194e01c140","bytes": 32}

ee{"prim": "sha256","op": "update","ctx": "0x56194e01c140","bytes": 64}

ee{"prim": "sha256","op": "update","ctx": "0x56194e01c140","bytes": 32}

ee{"prim": "sha256","op": "update","ctx": "0x56194e01c140","bytes": 64}

ee{"prim": "sha256","op": "update","ctx": "0x56194e01c140","bytes": 32}

ee{"prim": "sha256","op": "update","ctx": "0x56194e01c140","bytes": 64}

ee{"prim": "sha256","op": "update","ctx": "0x56194e01c140","bytes": 32}

ee{"prim": "sha256","op": "update","ctx": "0x56194e01c140","bytes": 64}

ee{"prim": "sha256","op": "update","ctx": "0x56194e01c140","bytes": 32}

ee{"prim": "sha256","op": "update","ctx": "0x56194e01c140","bytes": 1}

ee{"prim": "sha256","op": "update","ctx": "0x56194e01c140","bytes": 64}

ee{"prim": "sha256","op": "update","ctx": "0x56194e01c140","bytes": 32}

ee{"prim": "sha256","op": "update","ctx": "0x56194e01c140","bytes": 64}

ee{"prim": "sha256","op": "update","ctx": "0x56194e01c140","bytes": 32}

ee{"prim": "sha256","op": "update","ctx": "0x56194e01c140","bytes": 64}

ee{"prim": "sha256","op": "update","ctx": "0x56194e01c140","bytes": 32}

ee{"op": "mbedtls_ctr_drbg_random_with_add","ctx": "0x7ffd4dfeea30","ctx2": "0x7ffd4dfeea58"}

ee{"prim": "aes","op": "encrypt","ctx": "0x7ffd4dfeea58","bytes": 16}

ee{"op": "mbedtls_ctr_drbg_random_with_add","ctx": "0x7ffd4dfeea30","ctx2": "0x7ffd4dfeea58"}

ee{"prim": "aes","op": "encrypt","ctx": "0x7ffd4dfeea58","bytes": 16}

ee{"op": "ctr_drbg_update_internal","ctx": "0x7ffd4dfeea30","ctx2": "0x7ffd4dfeea58"}

ee{"prim": "aes","op": "encrypt","ctx": "0x7ffd4dfeea58","bytes": 16}

ee{"op": "ctr_drbg_update_internal","ctx": "0x7ffd4dfeea30","ctx2": "0x7ffd4dfeea58"}

ee{"prim": "aes","op": "encrypt","ctx": "0x7ffd4dfeea58","bytes": 16}

ee{"op": "ctr_drbg_update_internal","ctx": "0x7ffd4dfeea30","ctx2": "0x7ffd4dfeea58"}

ee{"prim": "aes","op": "encrypt","ctx": "0x7ffd4dfeea58","bytes": 16}

ee{"op": "mbedtls_ctr_drbg_random_with_add","ctx": "0x7ffd4dfeea30","ctx2": "0x7ffd4dfeea58"}

ee{"prim": "aes","op": "encrypt","ctx": "0x7ffd4dfeea58","bytes": 16}

ee{"op": "mbedtls_ctr_drbg_random_with_add","ctx": "0x7ffd4dfeea30","ctx2": "0x7ffd4dfeea58"}

ee{"prim": "aes","op": "encrypt","ctx": "0x7ffd4dfeea58","bytes": 16}

ee{"op": "ctr_drbg_update_internal","ctx": "0x7ffd4dfeea30","ctx2": "0x7ffd4dfeea58"}

ee{"prim": "aes","op": "encrypt","ctx": "0x7ffd4dfeea58","bytes": 16}

ee{"op": "ctr_drbg_update_internal","ctx": "0x7ffd4dfeea30","ctx2": "0x7ffd4dfeea58"}

ee{"prim": "aes","op": "encrypt","ctx": "0x7ffd4dfeea58","bytes": 16}

ee{"op": "ctr_drbg_update_internal","ctx": "0x7ffd4dfeea30","ctx2": "0x7ffd4dfeea58"}

ee{"prim": "aes","op": "encrypt","ctx": "0x7ffd4dfeea58","bytes": 16}

ee{"op": "mbedtls_ctr_drbg_random_with_add","ctx": "0x7ffd4dfeea30","ctx2": "0x7ffd4dfeea58"}

ee{"prim": "aes","op": "encrypt","ctx": "0x7ffd4dfeea58","bytes": 16}

ee{"op": "mbedtls_ctr_drbg_random_with_add","ctx": "0x7ffd4dfeea30","ctx2": "0x7ffd4dfeea58"}

ee{"prim": "aes","op": "encrypt","ctx": "0x7ffd4dfeea58","bytes": 16}

ee{"op": "ctr_drbg_update_internal","ctx": "0x7ffd4dfeea30","ctx2": "0x7ffd4dfeea58"}

ee{"prim": "aes","op": "encrypt","ctx": "0x7ffd4dfeea58","bytes": 16}

ee{"op": "ctr_drbg_update_internal","ctx": "0x7ffd4dfeea30","ctx2": "0x7ffd4dfeea58"}

ee{"prim": "aes","op": "encrypt","ctx": "0x7ffd4dfeea58","bytes": 16}

ee{"op": "ctr_drbg_update_internal","ctx": "0x7ffd4dfeea30","ctx2": "0x7ffd4dfeea58"}

ee{"prim": "aes","op": "encrypt","ctx": "0x7ffd4dfeea58","bytes": 16}

ee{"prim": "sha256","op": "free","ctx": "0x56194e01c140"}

ee{"prim": "ecdsa","op": "write_signature-EXIT","ctx": "0x7ffd4dfedea0"}

ee{"prim": "ecdsa","op": "free","ctx": "0x7ffd4dfedea0"}

ee{"prim": "sha256","op": "update","ctx": "0x56194e019f78","bytes": 79}

ee{"prim": "ccm","op": "encrypt","ctx": "0x56194e01ade0","bytes": 80}

ee{"prim": "aes","op": "encrypt","ctx": "0x56194e01b850","bytes": 16}

ee{"prim": "aes","op": "encrypt","ctx": "0x56194e01b850","bytes": 16}

ee{"prim": "aes","op": "encrypt","ctx": "0x56194e01b850","bytes": 16}

ee{"prim": "aes","op": "encrypt","ctx": "0x56194e01b850","bytes": 16}

ee{"prim": "aes","op": "encrypt","ctx": "0x56194e01b850","bytes": 16}

ee{"prim": "aes","op": "encrypt","ctx": "0x56194e01b850","bytes": 16}

ee{"prim": "aes","op": "encrypt","ctx": "0x56194e01b850","bytes": 16}

ee{"prim": "aes","op": "encrypt","ctx": "0x56194e01b850","bytes": 16}

ee{"prim": "aes","op": "encrypt","ctx": "0x56194e01b850","bytes": 16}

ee{"prim": "aes","op": "encrypt","ctx": "0x56194e01b850","bytes": 16}

ee{"prim": "aes","op": "encrypt","ctx": "0x56194e01b850","bytes": 16}

ee{"prim": "aes","op": "encrypt","ctx": "0x56194e01b850","bytes": 16}

ee{"prim": "aes","op": "encrypt","ctx": "0x56194e01b850","bytes": 16}
client state: 13

ee{"prim": "sha256","op": "init","ctx": "0x56194e01c140"}

ee{"prim": "sha256","op": "update","ctx": "0x56194e01c140","bytes": 64}

ee{"prim": "sha256","op": "update","ctx": "0x56194e01c140","bytes": 0}

ee{"prim": "sha256","op": "update","ctx": "0x56194e01c140","bytes": 54}

ee{"prim": "sha256","op": "update","ctx": "0x56194e01c140","bytes": 1}

ee{"prim": "sha256","op": "update","ctx": "0x56194e01c140","bytes": 64}

ee{"prim": "sha256","op": "update","ctx": "0x56194e01c140","bytes": 32}

ee{"prim": "sha256","op": "free","ctx": "0x56194e01c140"}

ee{"prim": "sha256","op": "init","ctx": "0x56194e01c140"}

ee{"prim": "sha256","op": "update","ctx": "0x56194e01c140","bytes": 64}

ee{"prim": "sha256","op": "update","ctx": "0x56194e01c140","bytes": 0}

ee{"prim": "sha256","op": "update","ctx": "0x56194e01c140","bytes": 54}

ee{"prim": "sha256","op": "update","ctx": "0x56194e01c140","bytes": 1}

ee{"prim": "sha256","op": "update","ctx": "0x56194e01c140","bytes": 64}

ee{"prim": "sha256","op": "update","ctx": "0x56194e01c140","bytes": 32}

ee{"prim": "sha256","op": "free","ctx": "0x56194e01c140"}

ee{"prim": "sha256","op": "init","ctx": "0x56194e01c140"}

ee{"prim": "sha256","op": "update","ctx": "0x56194e01c140","bytes": 64}

ee{"prim": "sha256","op": "update","ctx": "0x56194e01c140","bytes": 0}

ee{"prim": "sha256","op": "update","ctx": "0x56194e01c140","bytes": 13}

ee{"prim": "sha256","op": "update","ctx": "0x56194e01c140","bytes": 1}

ee{"prim": "sha256","op": "update","ctx": "0x56194e01c140","bytes": 64}

ee{"prim": "sha256","op": "update","ctx": "0x56194e01c140","bytes": 32}

ee{"prim": "sha256","op": "free","ctx": "0x56194e01c140"}

ee{"prim": "sha256","op": "init","ctx": "0x56194e01c140"}

ee{"prim": "sha256","op": "update","ctx": "0x56194e01c140","bytes": 64}

ee{"prim": "sha256","op": "update","ctx": "0x56194e01c140","bytes": 0}

ee{"prim": "sha256","op": "update","ctx": "0x56194e01c140","bytes": 13}

ee{"prim": "sha256","op": "update","ctx": "0x56194e01c140","bytes": 1}

ee{"prim": "sha256","op": "update","ctx": "0x56194e01c140","bytes": 64}

ee{"prim": "sha256","op": "update","ctx": "0x56194e01c140","bytes": 32}

ee{"prim": "sha256","op": "free","ctx": "0x56194e01c140"}

ee{"prim": "sha256","op": "init","ctx": "0x56194e01c140"}

ee{"prim": "sha256","op": "update","ctx": "0x56194e01c140","bytes": 64}

ee{"prim": "sha256","op": "update","ctx": "0x56194e01c140","bytes": 0}

ee{"prim": "sha256","op": "update","ctx": "0x56194e01c140","bytes": 12}

ee{"prim": "sha256","op": "update","ctx": "0x56194e01c140","bytes": 1}

ee{"prim": "sha256","op": "update","ctx": "0x56194e01c140","bytes": 64}

ee{"prim": "sha256","op": "update","ctx": "0x56194e01c140","bytes": 32}

ee{"prim": "sha256","op": "free","ctx": "0x56194e01c140"}

ee{"prim": "sha256","op": "init","ctx": "0x56194e01c140"}

ee{"prim": "sha256","op": "update","ctx": "0x56194e01c140","bytes": 64}

ee{"prim": "sha256","op": "update","ctx": "0x56194e01c140","bytes": 0}

ee{"prim": "sha256","op": "update","ctx": "0x56194e01c140","bytes": 12}

ee{"prim": "sha256","op": "update","ctx": "0x56194e01c140","bytes": 1}

ee{"prim": "sha256","op": "update","ctx": "0x56194e01c140","bytes": 64}

ee{"prim": "sha256","op": "update","ctx": "0x56194e01c140","bytes": 32}

ee{"prim": "sha256","op": "free","ctx": "0x56194e01c140"}

ee{"prim": "sha256","op": "init","ctx": "0x7ffd4dfee030"}

ee{"prim": "sha256","op": "clone","ctx": "0x56194e019f78","ctx2": "0x7ffd4dfee030"}

ee{"prim": "sha256","op": "init","ctx": "0x56194e01c140"}

ee{"prim": "sha256","op": "update","ctx": "0x56194e01c140","bytes": 64}

ee{"prim": "sha256","op": "update","ctx": "0x56194e01c140","bytes": 0}

ee{"prim": "sha256","op": "update","ctx": "0x56194e01c140","bytes": 18}

ee{"prim": "sha256","op": "update","ctx": "0x56194e01c140","bytes": 1}

ee{"prim": "sha256","op": "update","ctx": "0x56194e01c140","bytes": 64}

ee{"prim": "sha256","op": "update","ctx": "0x56194e01c140","bytes": 32}

ee{"prim": "sha256","op": "free","ctx": "0x56194e01c140"}

ee{"prim": "sha256","op": "init","ctx": "0x56194e01c140"}

ee{"prim": "sha256","op": "update","ctx": "0x56194e01c140","bytes": 64}

ee{"prim": "sha256","op": "update","ctx": "0x56194e01c140","bytes": 0}

ee{"prim": "sha256","op": "update","ctx": "0x56194e01c140","bytes": 18}

ee{"prim": "sha256","op": "update","ctx": "0x56194e01c140","bytes": 1}

ee{"prim": "sha256","op": "update","ctx": "0x56194e01c140","bytes": 64}

ee{"prim": "sha256","op": "update","ctx": "0x56194e01c140","bytes": 32}

ee{"prim": "sha256","op": "free","ctx": "0x56194e01c140"}

ee{"prim": "sha256","op": "init","ctx": "0x56194e01c140"}

ee{"prim": "sha256","op": "update","ctx": "0x56194e01c140","bytes": 64}

ee{"prim": "sha256","op": "update","ctx": "0x56194e01c140","bytes": 32}

ee{"prim": "sha256","op": "update","ctx": "0x56194e01c140","bytes": 64}

ee{"prim": "sha256","op": "update","ctx": "0x56194e01c140","bytes": 32}

ee{"prim": "sha256","op": "free","ctx": "0x56194e01c140"}

ee{"prim": "sha256","op": "free","ctx": "0x7ffd4dfee030"}

ee{"prim": "sha256","op": "init","ctx": "0x7ffd4dfee030"}

ee{"prim": "sha256","op": "clone","ctx": "0x56194e019f78","ctx2": "0x7ffd4dfee030"}

ee{"prim": "sha256","op": "init","ctx": "0x56194e01c140"}

ee{"prim": "sha256","op": "update","ctx": "0x56194e01c140","bytes": 64}

ee{"prim": "sha256","op": "update","ctx": "0x56194e01c140","bytes": 0}

ee{"prim": "sha256","op": "update","ctx": "0x56194e01c140","bytes": 18}

ee{"prim": "sha256","op": "update","ctx": "0x56194e01c140","bytes": 1}

ee{"prim": "sha256","op": "update","ctx": "0x56194e01c140","bytes": 64}

ee{"prim": "sha256","op": "update","ctx": "0x56194e01c140","bytes": 32}

ee{"prim": "sha256","op": "free","ctx": "0x56194e01c140"}

ee{"prim": "sha256","op": "init","ctx": "0x56194e01c140"}

ee{"prim": "sha256","op": "update","ctx": "0x56194e01c140","bytes": 64}

ee{"prim": "sha256","op": "update","ctx": "0x56194e01c140","bytes": 0}

ee{"prim": "sha256","op": "update","ctx": "0x56194e01c140","bytes": 18}

ee{"prim": "sha256","op": "update","ctx": "0x56194e01c140","bytes": 1}

ee{"prim": "sha256","op": "update","ctx": "0x56194e01c140","bytes": 64}

ee{"prim": "sha256","op": "update","ctx": "0x56194e01c140","bytes": 32}

ee{"prim": "sha256","op": "free","ctx": "0x56194e01c140"}

ee{"prim": "sha256","op": "init","ctx": "0x56194e01c140"}

ee{"prim": "sha256","op": "update","ctx": "0x56194e01c140","bytes": 64}

ee{"prim": "sha256","op": "update","ctx": "0x56194e01c140","bytes": 32}

ee{"prim": "sha256","op": "update","ctx": "0x56194e01c140","bytes": 64}

ee{"prim": "sha256","op": "update","ctx": "0x56194e01c140","bytes": 32}

ee{"prim": "sha256","op": "free","ctx": "0x56194e01c140"}

ee{"prim": "sha256","op": "free","ctx": "0x7ffd4dfee030"}

ee{"prim": "sha256","op": "update","ctx": "0x56194e019f78","bytes": 36}

ee{"prim": "ccm","op": "encrypt","ctx": "0x56194e01ade0","bytes": 37}

ee{"prim": "aes","op": "encrypt","ctx": "0x56194e01b850","bytes": 16}

ee{"prim": "aes","op": "encrypt","ctx": "0x56194e01b850","bytes": 16}

ee{"prim": "aes","op": "encrypt","ctx": "0x56194e01b850","bytes": 16}

ee{"prim": "aes","op": "encrypt","ctx": "0x56194e01b850","bytes": 16}

ee{"prim": "aes","op": "encrypt","ctx": "0x56194e01b850","bytes": 16}

ee{"prim": "aes","op": "encrypt","ctx": "0x56194e01b850","bytes": 16}

ee{"prim": "aes","op": "encrypt","ctx": "0x56194e01b850","bytes": 16}

ee{"prim": "aes","op": "encrypt","ctx": "0x56194e01b850","bytes": 16}

ee{"prim": "aes","op": "encrypt","ctx": "0x56194e01b850","bytes": 16}

ee{"prim": "sha256","op": "clone","ctx": "0x56194e019f78","ctx2": "0x7ffd4dfedf70"}

ee{"prim": "sha256","op": "init","ctx": "0x56194e01c140"}

ee{"prim": "sha256","op": "update","ctx": "0x56194e01c140","bytes": 64}

ee{"prim": "sha256","op": "update","ctx": "0x56194e01c140","bytes": 0}

ee{"prim": "sha256","op": "update","ctx": "0x56194e01c140","bytes": 52}

ee{"prim": "sha256","op": "update","ctx": "0x56194e01c140","bytes": 1}

ee{"prim": "sha256","op": "update","ctx": "0x56194e01c140","bytes": 64}

ee{"prim": "sha256","op": "update","ctx": "0x56194e01c140","bytes": 32}

ee{"prim": "sha256","op": "free","ctx": "0x56194e01c140"}

ee{"prim": "sha256","op": "free","ctx": "0x7ffd4dfedf70"}

ee{"prim": "ccm","op": "free","ctx": "0x56194e01ade0"}

ee{"prim": "aes","op": "free","ctx": "0x56194e01b850"}

ee{"prim": "ccm","op": "free","ctx": "0x56194e01b7b0"}

ee{"prim": "aes","op": "free","ctx": "0x56194e01b9c0"}

ee{"prim": "ccm","op": "init","ctx": "0x56194e01b7b0"}

ee{"prim": "ccm","op": "init","ctx": "0x56194e01ade0"}

ee{"prim": "aes","op": "init","ctx": "0x56194e01c300"}

ee{"prim": "aes","op": "init","ctx": "0x56194e01c430"}

ee{"prim": "sha256","op": "free","ctx": "0x7ffd4dfee080"}
client state: 15
client state: 16
 ok
    [ Protocol is TLSv1.3 ]
    [ Ciphersuite is TLS_AES_128_CCM_SHA256 ]
    [ Key Exchange Mode is ECDHE-ECDSA ]
    [ Record expansion (outgoing) is 5 ]
    [ Record expansion (incoming) is 5 ]
  . Verifying peer X.509 certificate... ok
  . Peer certificate information    ...
cert. version     : 1
serial number     : 14:25:67:8A:09:BD:93:52:20:A9:6C:3E:BC:CA:B4:DB:0A:8C:6F:E7
issuer name       : CN=CA
subject name      : CN=localhost
issued  on        : 2020-09-25 06:25:28
expires on        : 2030-09-23 06:25:28
signed using      : ECDSA with SHA256
EC key size       : 256 bits

  > Write to server:
ee{"prim": "ccm","op": "encrypt","ctx": "0x56194e01b7b0","bytes": 35}

ee{"prim": "aes","op": "encrypt","ctx": "0x56194e01c300","bytes": 16}

ee{"prim": "aes","op": "encrypt","ctx": "0x56194e01c300","bytes": 16}

ee{"prim": "aes","op": "encrypt","ctx": "0x56194e01c300","bytes": 16}

ee{"prim": "aes","op": "encrypt","ctx": "0x56194e01c300","bytes": 16}

ee{"prim": "aes","op": "encrypt","ctx": "0x56194e01c300","bytes": 16}

ee{"prim": "aes","op": "encrypt","ctx": "0x56194e01c300","bytes": 16}

ee{"prim": "aes","op": "encrypt","ctx": "0x56194e01c300","bytes": 16}

ee{"prim": "aes","op": "encrypt","ctx": "0x56194e01c300","bytes": 16}

ee{"prim": "aes","op": "encrypt","ctx": "0x56194e01c300","bytes": 16}
 35 bytes written in 1 fragments

GET / HTTP/1.0
Extra-header: 


  < Read from server:
ee{"prim": "ccm","op": "decrypt","ctx": "0x56194e01ade0","bytes": 136}

ee{"prim": "aes","op": "encrypt","ctx": "0x56194e01c430","bytes": 16}

ee{"prim": "aes","op": "encrypt","ctx": "0x56194e01c430","bytes": 16}

ee{"prim": "aes","op": "encrypt","ctx": "0x56194e01c430","bytes": 16}

ee{"prim": "aes","op": "encrypt","ctx": "0x56194e01c430","bytes": 16}

ee{"prim": "aes","op": "encrypt","ctx": "0x56194e01c430","bytes": 16}

ee{"prim": "aes","op": "encrypt","ctx": "0x56194e01c430","bytes": 16}

ee{"prim": "aes","op": "encrypt","ctx": "0x56194e01c430","bytes": 16}

ee{"prim": "aes","op": "encrypt","ctx": "0x56194e01c430","bytes": 16}

ee{"prim": "aes","op": "encrypt","ctx": "0x56194e01c430","bytes": 16}

ee{"prim": "aes","op": "encrypt","ctx": "0x56194e01c430","bytes": 16}

ee{"prim": "aes","op": "encrypt","ctx": "0x56194e01c430","bytes": 16}

ee{"prim": "aes","op": "encrypt","ctx": "0x56194e01c430","bytes": 16}

ee{"prim": "aes","op": "encrypt","ctx": "0x56194e01c430","bytes": 16}

ee{"prim": "aes","op": "encrypt","ctx": "0x56194e01c430","bytes": 16}

ee{"prim": "aes","op": "encrypt","ctx": "0x56194e01c430","bytes": 16}

ee{"prim": "aes","op": "encrypt","ctx": "0x56194e01c430","bytes": 16}

ee{"prim": "aes","op": "encrypt","ctx": "0x56194e01c430","bytes": 16}

ee{"prim": "aes","op": "encrypt","ctx": "0x56194e01c430","bytes": 16}

ee{"prim": "aes","op": "encrypt","ctx": "0x56194e01c430","bytes": 16}

ee{"prim": "aes","op": "encrypt","ctx": "0x56194e01c430","bytes": 16}

ee{"prim": "aes","op": "encrypt","ctx": "0x56194e01c430","bytes": 16}
 135 bytes read

HTTP/1.0 200 OK
Content-Type: text/html

<h2>mbed TLS Test Server</h2>
<p>Successful connection using: TLS_AES_128_CCM_SHA256</p>
  . Closing the connection...
ee{"prim": "ccm","op": "encrypt","ctx": "0x56194e01b7b0","bytes": 3}

ee{"prim": "aes","op": "encrypt","ctx": "0x56194e01c300","bytes": 16}

ee{"prim": "aes","op": "encrypt","ctx": "0x56194e01c300","bytes": 16}

ee{"prim": "aes","op": "encrypt","ctx": "0x56194e01c300","bytes": 16}

ee{"prim": "aes","op": "encrypt","ctx": "0x56194e01c300","bytes": 16}

ee{"prim": "aes","op": "encrypt","ctx": "0x56194e01c300","bytes": 16}
 done

ee{"prim": "ecdh","op": "free","ctx": "0x56194e019cb8"}

ee{"prim": "ccm","op": "free","ctx": "0x56194e01b7b0"}

ee{"prim": "aes","op": "free","ctx": "0x56194e01c300"}

ee{"prim": "ccm","op": "free","ctx": "0x56194e01ade0"}

ee{"prim": "aes","op": "free","ctx": "0x56194e01c430"}

ee{"prim": "aes","op": "free","ctx": "0x7ffd4dfeea58"}

ee{"prim": "sha256","op": "free","ctx": "0x7ffd4dfeed24"}
