ee{"prim": "sha256","op": "init","ctx": "0x7ffd4dfeed24"}
ee{"prim": "aes","op": "init","ctx": "0x7ffd4dfeea58"}
ee{"prim": "sha256","op": "init","ctx": "0x7ffd4dfeddb0"}
ee{"prim": "sha256","op": "update","ctx": "0x7ffd4dfeddb0","bytes": 128}
ee{"prim": "sha256","op": "free","ctx": "0x7ffd4dfeddb0"}
ee{"prim": "sha256","op": "update","ctx": "0x7ffd4dfeed24","bytes": 2}
ee{"prim": "sha256","op": "update","ctx": "0x7ffd4dfeed24","bytes": 32}
ee{"prim": "sha256","op": "update","ctx": "0x7ffd4dfeed24","bytes": 2}
ee{"prim": "sha256","op": "update","ctx": "0x7ffd4dfeed24","bytes": 8}
ee{"prim": "sha256","op": "free","ctx": "0x7ffd4dfeed24"}
ee{"prim": "sha256","op": "init","ctx": "0x7ffd4dfeed24"}
ee{"prim": "sha256","op": "update","ctx": "0x7ffd4dfeed24","bytes": 32}
ee{"prim": "sha256","op": "init","ctx": "0x7ffd4dfedf00"}
ee{"prim": "sha256","op": "update","ctx": "0x7ffd4dfedf00","bytes": 32}
ee{"prim": "sha256","op": "free","ctx": "0x7ffd4dfedf00"}
ee{"prim": "sha256","op": "init","ctx": "0x7ffd4dfeddb0"}
ee{"prim": "sha256","op": "update","ctx": "0x7ffd4dfeddb0","bytes": 128}
ee{"prim": "sha256","op": "free","ctx": "0x7ffd4dfeddb0"}
ee{"prim": "sha256","op": "update","ctx": "0x7ffd4dfeed24","bytes": 2}
ee{"prim": "sha256","op": "update","ctx": "0x7ffd4dfeed24","bytes": 32}
ee{"prim": "sha256","op": "update","ctx": "0x7ffd4dfeed24","bytes": 2}
ee{"prim": "sha256","op": "update","ctx": "0x7ffd4dfeed24","bytes": 8}
ee{"prim": "sha256","op": "free","ctx": "0x7ffd4dfeed24"}
ee{"prim": "sha256","op": "init","ctx": "0x7ffd4dfeed24"}
ee{"prim": "sha256","op": "update","ctx": "0x7ffd4dfeed24","bytes": 32}
ee{"prim": "sha256","op": "init","ctx": "0x7ffd4dfedf00"}
ee{"prim": "sha256","op": "update","ctx": "0x7ffd4dfedf00","bytes": 32}
ee{"prim": "sha256","op": "free","ctx": "0x7ffd4dfedf00"}
ee{"prim": "aes","op": "init","ctx": "0x7ffd4dfedcd0"}
ee{"op": "block_cipher_df", "ctx": "0x7ffd4dfedcd0"}
ee{"prim": "aes","op": "encrypt","ctx": "0x7ffd4dfedcd0","bytes": 16}
ee{"op": "block_cipher_df", "ctx": "0x7ffd4dfedcd0"}
ee{"prim": "aes","op": "encrypt","ctx": "0x7ffd4dfedcd0","bytes": 16}
ee{"op": "block_cipher_df", "ctx": "0x7ffd4dfedcd0"}
ee{"prim": "aes","op": "encrypt","ctx": "0x7ffd4dfedcd0","bytes": 16}
ee{"op": "block_cipher_df", "ctx": "0x7ffd4dfedcd0"}
ee{"prim": "aes","op": "encrypt","ctx": "0x7ffd4dfedcd0","bytes": 16}
ee{"op": "block_cipher_df", "ctx": "0x7ffd4dfedcd0"}
ee{"prim": "aes","op": "encrypt","ctx": "0x7ffd4dfedcd0","bytes": 16}
ee{"op": "block_cipher_df", "ctx": "0x7ffd4dfedcd0"}
ee{"prim": "aes","op": "encrypt","ctx": "0x7ffd4dfedcd0","bytes": 16}
ee{"op": "block_cipher_df", "ctx": "0x7ffd4dfedcd0"}
ee{"prim": "aes","op": "encrypt","ctx": "0x7ffd4dfedcd0","bytes": 16}
ee{"op": "block_cipher_df", "ctx": "0x7ffd4dfedcd0"}
ee{"prim": "aes","op": "encrypt","ctx": "0x7ffd4dfedcd0","bytes": 16}
ee{"op": "block_cipher_df", "ctx": "0x7ffd4dfedcd0"}
ee{"prim": "aes","op": "encrypt","ctx": "0x7ffd4dfedcd0","bytes": 16}
ee{"op": "block_cipher_df", "ctx": "0x7ffd4dfedcd0"}
ee{"prim": "aes","op": "encrypt","ctx": "0x7ffd4dfedcd0","bytes": 16}
ee{"op": "block_cipher_df", "ctx": "0x7ffd4dfedcd0"}
ee{"prim": "aes","op": "encrypt","ctx": "0x7ffd4dfedcd0","bytes": 16}
ee{"op": "block_cipher_df", "ctx": "0x7ffd4dfedcd0"}
ee{"prim": "aes","op": "encrypt","ctx": "0x7ffd4dfedcd0","bytes": 16}
ee{"op": "block_cipher_df", "ctx": "0x7ffd4dfedcd0"}
ee{"prim": "aes","op": "encrypt","ctx": "0x7ffd4dfedcd0","bytes": 16}
ee{"op": "block_cipher_df", "ctx": "0x7ffd4dfedcd0"}
ee{"prim": "aes","op": "encrypt","ctx": "0x7ffd4dfedcd0","bytes": 16}
ee{"op": "block_cipher_df", "ctx": "0x7ffd4dfedcd0"}
ee{"prim": "aes","op": "encrypt","ctx": "0x7ffd4dfedcd0","bytes": 16}
ee{"op": "block_cipher_df", "ctx": "0x7ffd4dfedcd0"}
ee{"prim": "aes","op": "encrypt","ctx": "0x7ffd4dfedcd0","bytes": 16}
ee{"op": "block_cipher_df", "ctx": "0x7ffd4dfedcd0"}
ee{"prim": "aes","op": "encrypt","ctx": "0x7ffd4dfedcd0","bytes": 16}
ee{"op": "block_cipher_df", "ctx": "0x7ffd4dfedcd0"}
ee{"prim": "aes","op": "encrypt","ctx": "0x7ffd4dfedcd0","bytes": 16}
ee{"prim": "aes","op": "encrypt","ctx": "0x7ffd4dfedcd0","bytes": 16}
ee{"prim": "aes","op": "encrypt","ctx": "0x7ffd4dfedcd0","bytes": 16}
ee{"prim": "aes","op": "encrypt","ctx": "0x7ffd4dfedcd0","bytes": 16}
ee{"prim": "aes","op": "free","ctx": "0x7ffd4dfedcd0"}
ee{"op": "ctr_drbg_update_internal","ctx": "0x7ffd4dfeea30","ctx2": "0x7ffd4dfeea58"}
ee{"prim": "aes","op": "encrypt","ctx": "0x7ffd4dfeea58","bytes": 16}
ee{"op": "ctr_drbg_update_internal","ctx": "0x7ffd4dfeea30","ctx2": "0x7ffd4dfeea58"}
ee{"prim": "aes","op": "encrypt","ctx": "0x7ffd4dfeea58","bytes": 16}
ee{"op": "ctr_drbg_update_internal","ctx": "0x7ffd4dfeea30","ctx2": "0x7ffd4dfeea58"}
ee{"prim": "aes","op": "encrypt","ctx": "0x7ffd4dfeea58","bytes": 16}
ee{"prim": "sha256","op": "init","ctx": "0x56194e019f78"}
ee{"prim": "ecdh","op": "init","ctx": "0x56194e019cb8"}
ee{"op": "mbedtls_ctr_drbg_random_with_add","ctx": "0x7ffd4dfeea30","ctx2": "0x7ffd4dfeea58"}
ee{"prim": "aes","op": "encrypt","ctx": "0x7ffd4dfeea58","bytes": 16}
ee{"op": "mbedtls_ctr_drbg_random_with_add","ctx": "0x7ffd4dfeea30","ctx2": "0x7ffd4dfeea58"}
ee{"prim": "aes","op": "encrypt","ctx": "0x7ffd4dfeea58","bytes": 16}
ee{"op": "ctr_drbg_update_internal","ctx": "0x7ffd4dfeea30","ctx2": "0x7ffd4dfeea58"}
ee{"prim": "aes","op": "encrypt","ctx": "0x7ffd4dfeea58","bytes": 16}
ee{"op": "ctr_drbg_update_internal","ctx": "0x7ffd4dfeea30","ctx2": "0x7ffd4dfeea58"}
ee{"prim": "aes","op": "encrypt","ctx": "0x7ffd4dfeea58","bytes": 16}
ee{"op": "ctr_drbg_update_internal","ctx": "0x7ffd4dfeea30","ctx2": "0x7ffd4dfeea58"}
ee{"prim": "aes","op": "encrypt","ctx": "0x7ffd4dfeea58","bytes": 16}
ee{"op": "mbedtls_ctr_drbg_random_with_add","ctx": "0x7ffd4dfeea30","ctx2": "0x7ffd4dfeea58"}
ee{"prim": "aes","op": "encrypt","ctx": "0x7ffd4dfeea58","bytes": 16}
ee{"op": "mbedtls_ctr_drbg_random_with_add","ctx": "0x7ffd4dfeea30","ctx2": "0x7ffd4dfeea58"}
ee{"prim": "aes","op": "encrypt","ctx": "0x7ffd4dfeea58","bytes": 16}
ee{"op": "ctr_drbg_update_internal","ctx": "0x7ffd4dfeea30","ctx2": "0x7ffd4dfeea58"}
ee{"prim": "aes","op": "encrypt","ctx": "0x7ffd4dfeea58","bytes": 16}
ee{"op": "ctr_drbg_update_internal","ctx": "0x7ffd4dfeea30","ctx2": "0x7ffd4dfeea58"}
ee{"prim": "aes","op": "encrypt","ctx": "0x7ffd4dfeea58","bytes": 16}
ee{"op": "ctr_drbg_update_internal","ctx": "0x7ffd4dfeea30","ctx2": "0x7ffd4dfeea58"}
ee{"prim": "aes","op": "encrypt","ctx": "0x7ffd4dfeea58","bytes": 16}
ee{"op": "mbedtls_ctr_drbg_random_with_add","ctx": "0x7ffd4dfeea30","ctx2": "0x7ffd4dfeea58"}
ee{"prim": "aes","op": "encrypt","ctx": "0x7ffd4dfeea58","bytes": 16}
ee{"op": "mbedtls_ctr_drbg_random_with_add","ctx": "0x7ffd4dfeea30","ctx2": "0x7ffd4dfeea58"}
ee{"prim": "aes","op": "encrypt","ctx": "0x7ffd4dfeea58","bytes": 16}
ee{"op": "ctr_drbg_update_internal","ctx": "0x7ffd4dfeea30","ctx2": "0x7ffd4dfeea58"}
ee{"prim": "aes","op": "encrypt","ctx": "0x7ffd4dfeea58","bytes": 16}
ee{"op": "ctr_drbg_update_internal","ctx": "0x7ffd4dfeea30","ctx2": "0x7ffd4dfeea58"}
ee{"prim": "aes","op": "encrypt","ctx": "0x7ffd4dfeea58","bytes": 16}
ee{"op": "ctr_drbg_update_internal","ctx": "0x7ffd4dfeea30","ctx2": "0x7ffd4dfeea58"}
ee{"prim": "aes","op": "encrypt","ctx": "0x7ffd4dfeea58","bytes": 16}
ee{"op": "mbedtls_ctr_drbg_random_with_add","ctx": "0x7ffd4dfeea30","ctx2": "0x7ffd4dfeea58"}
ee{"prim": "aes","op": "encrypt","ctx": "0x7ffd4dfeea58","bytes": 16}
ee{"op": "mbedtls_ctr_drbg_random_with_add","ctx": "0x7ffd4dfeea30","ctx2": "0x7ffd4dfeea58"}
ee{"prim": "aes","op": "encrypt","ctx": "0x7ffd4dfeea58","bytes": 16}
ee{"op": "ctr_drbg_update_internal","ctx": "0x7ffd4dfeea30","ctx2": "0x7ffd4dfeea58"}
ee{"prim": "aes","op": "encrypt","ctx": "0x7ffd4dfeea58","bytes": 16}
ee{"op": "ctr_drbg_update_internal","ctx": "0x7ffd4dfeea30","ctx2": "0x7ffd4dfeea58"}
ee{"prim": "aes","op": "encrypt","ctx": "0x7ffd4dfeea58","bytes": 16}
ee{"op": "ctr_drbg_update_internal","ctx": "0x7ffd4dfeea30","ctx2": "0x7ffd4dfeea58"}
ee{"prim": "aes","op": "encrypt","ctx": "0x7ffd4dfeea58","bytes": 16}
ee{"prim": "sha256","op": "update","ctx": "0x56194e019f78","bytes": 163}
ee{"prim": "sha256","op": "update","ctx": "0x56194e019f78","bytes": 117}
ee{"prim": "ecdh","op": "calc_secret","ctx": "0x56194e019cb8"}
ee{"op": "mbedtls_ctr_drbg_random_with_add","ctx": "0x7ffd4dfeea30","ctx2": "0x7ffd4dfeea58"}
ee{"prim": "aes","op": "encrypt","ctx": "0x7ffd4dfeea58","bytes": 16}
ee{"op": "mbedtls_ctr_drbg_random_with_add","ctx": "0x7ffd4dfeea30","ctx2": "0x7ffd4dfeea58"}
ee{"prim": "aes","op": "encrypt","ctx": "0x7ffd4dfeea58","bytes": 16}
ee{"op": "ctr_drbg_update_internal","ctx": "0x7ffd4dfeea30","ctx2": "0x7ffd4dfeea58"}
ee{"prim": "aes","op": "encrypt","ctx": "0x7ffd4dfeea58","bytes": 16}
ee{"op": "ctr_drbg_update_internal","ctx": "0x7ffd4dfeea30","ctx2": "0x7ffd4dfeea58"}
ee{"prim": "aes","op": "encrypt","ctx": "0x7ffd4dfeea58","bytes": 16}
ee{"op": "ctr_drbg_update_internal","ctx": "0x7ffd4dfeea30","ctx2": "0x7ffd4dfeea58"}
ee{"prim": "aes","op": "encrypt","ctx": "0x7ffd4dfeea58","bytes": 16}
ee{"op": "mbedtls_ctr_drbg_random_with_add","ctx": "0x7ffd4dfeea30","ctx2": "0x7ffd4dfeea58"}
ee{"prim": "aes","op": "encrypt","ctx": "0x7ffd4dfeea58","bytes": 16}
ee{"op": "mbedtls_ctr_drbg_random_with_add","ctx": "0x7ffd4dfeea30","ctx2": "0x7ffd4dfeea58"}
ee{"prim": "aes","op": "encrypt","ctx": "0x7ffd4dfeea58","bytes": 16}
ee{"op": "ctr_drbg_update_internal","ctx": "0x7ffd4dfeea30","ctx2": "0x7ffd4dfeea58"}
ee{"prim": "aes","op": "encrypt","ctx": "0x7ffd4dfeea58","bytes": 16}
ee{"op": "ctr_drbg_update_internal","ctx": "0x7ffd4dfeea30","ctx2": "0x7ffd4dfeea58"}
ee{"prim": "aes","op": "encrypt","ctx": "0x7ffd4dfeea58","bytes": 16}
ee{"op": "ctr_drbg_update_internal","ctx": "0x7ffd4dfeea30","ctx2": "0x7ffd4dfeea58"}
ee{"prim": "aes","op": "encrypt","ctx": "0x7ffd4dfeea58","bytes": 16}
ee{"prim": "sha256","op": "init","ctx": "0x56194e01a5d0"}
ee{"prim": "sha256","op": "update","ctx": "0x56194e01a5d0","bytes": 64}
ee{"prim": "sha256","op": "update","ctx": "0x56194e01a5d0","bytes": 32}
ee{"prim": "sha256","op": "update","ctx": "0x56194e01a5d0","bytes": 64}
ee{"prim": "sha256","op": "update","ctx": "0x56194e01a5d0","bytes": 32}
ee{"prim": "sha256","op": "free","ctx": "0x56194e01a5d0"}
ee{"prim": "sha256","op": "init","ctx": "0x7ffd4dfedda0"}
ee{"prim": "sha256","op": "update","ctx": "0x7ffd4dfedda0","bytes": 0}
ee{"prim": "sha256","op": "free","ctx": "0x7ffd4dfedda0"}
ee{"prim": "sha256","op": "init","ctx": "0x56194e01a6e0"}
ee{"prim": "sha256","op": "update","ctx": "0x56194e01a6e0","bytes": 64}
ee{"prim": "sha256","op": "update","ctx": "0x56194e01a6e0","bytes": 0}
ee{"prim": "sha256","op": "update","ctx": "0x56194e01a6e0","bytes": 49}
ee{"prim": "sha256","op": "update","ctx": "0x56194e01a6e0","bytes": 1}
ee{"prim": "sha256","op": "update","ctx": "0x56194e01a6e0","bytes": 64}
ee{"prim": "sha256","op": "update","ctx": "0x56194e01a6e0","bytes": 32}
ee{"prim": "sha256","op": "free","ctx": "0x56194e01a6e0"}
ee{"prim": "sha256","op": "init","ctx": "0x56194e01bc30"}
ee{"prim": "sha256","op": "update","ctx": "0x56194e01bc30","bytes": 64}
ee{"prim": "sha256","op": "update","ctx": "0x56194e01bc30","bytes": 32}
ee{"prim": "sha256","op": "update","ctx": "0x56194e01bc30","bytes": 64}
ee{"prim": "sha256","op": "update","ctx": "0x56194e01bc30","bytes": 32}
ee{"prim": "sha256","op": "free","ctx": "0x56194e01bc30"}
ee{"prim": "sha256","op": "init","ctx": "0x7ffd4dfedda0"}
ee{"prim": "sha256","op": "update","ctx": "0x7ffd4dfedda0","bytes": 0}
ee{"prim": "sha256","op": "free","ctx": "0x7ffd4dfedda0"}
ee{"prim": "sha256","op": "init","ctx": "0x56194e01bd40"}
ee{"prim": "sha256","op": "update","ctx": "0x56194e01bd40","bytes": 64}
ee{"prim": "sha256","op": "update","ctx": "0x56194e01bd40","bytes": 0}
ee{"prim": "sha256","op": "update","ctx": "0x56194e01bd40","bytes": 49}
ee{"prim": "sha256","op": "update","ctx": "0x56194e01bd40","bytes": 1}
ee{"prim": "sha256","op": "update","ctx": "0x56194e01bd40","bytes": 64}
ee{"prim": "sha256","op": "update","ctx": "0x56194e01bd40","bytes": 32}
ee{"prim": "sha256","op": "free","ctx": "0x56194e01bd40"}
ee{"prim": "sha256","op": "init","ctx": "0x56194e01be50"}
ee{"prim": "sha256","op": "update","ctx": "0x56194e01be50","bytes": 64}
ee{"prim": "sha256","op": "update","ctx": "0x56194e01be50","bytes": 32}
ee{"prim": "sha256","op": "update","ctx": "0x56194e01be50","bytes": 64}
ee{"prim": "sha256","op": "update","ctx": "0x56194e01be50","bytes": 32}
ee{"prim": "sha256","op": "free","ctx": "0x56194e01be50"}
ee{"prim": "sha256","op": "clone","ctx": "0x56194e019f78","ctx2": "0x7ffd4dfedfd0"}
ee{"prim": "sha256","op": "init","ctx": "0x56194e01bf60"}
ee{"prim": "sha256","op": "update","ctx": "0x56194e01bf60","bytes": 64}
ee{"prim": "sha256","op": "update","ctx": "0x56194e01bf60","bytes": 0}
ee{"prim": "sha256","op": "update","ctx": "0x56194e01bf60","bytes": 54}
ee{"prim": "sha256","op": "update","ctx": "0x56194e01bf60","bytes": 1}
ee{"prim": "sha256","op": "update","ctx": "0x56194e01bf60","bytes": 64}
ee{"prim": "sha256","op": "update","ctx": "0x56194e01bf60","bytes": 32}
ee{"prim": "sha256","op": "free","ctx": "0x56194e01bf60"}
ee{"prim": "sha256","op": "init","ctx": "0x56194e01c070"}
ee{"prim": "sha256","op": "update","ctx": "0x56194e01c070","bytes": 64}
ee{"prim": "sha256","op": "update","ctx": "0x56194e01c070","bytes": 0}
ee{"prim": "sha256","op": "update","ctx": "0x56194e01c070","bytes": 54}
ee{"prim": "sha256","op": "update","ctx": "0x56194e01c070","bytes": 1}
ee{"prim": "sha256","op": "update","ctx": "0x56194e01c070","bytes": 64}
ee{"prim": "sha256","op": "update","ctx": "0x56194e01c070","bytes": 32}
ee{"prim": "sha256","op": "free","ctx": "0x56194e01c070"}
ee{"prim": "sha256","op": "init","ctx": "0x56194e01ac50"}
ee{"prim": "sha256","op": "update","ctx": "0x56194e01ac50","bytes": 64}
ee{"prim": "sha256","op": "update","ctx": "0x56194e01ac50","bytes": 0}
ee{"prim": "sha256","op": "update","ctx": "0x56194e01ac50","bytes": 52}
ee{"prim": "sha256","op": "update","ctx": "0x56194e01ac50","bytes": 1}
ee{"prim": "sha256","op": "update","ctx": "0x56194e01ac50","bytes": 64}
ee{"prim": "sha256","op": "update","ctx": "0x56194e01ac50","bytes": 32}
ee{"prim": "sha256","op": "free","ctx": "0x56194e01ac50"}
ee{"prim": "sha256","op": "init","ctx": "0x56194e01ac50"}
ee{"prim": "sha256","op": "update","ctx": "0x56194e01ac50","bytes": 64}
ee{"prim": "sha256","op": "update","ctx": "0x56194e01ac50","bytes": 0}
ee{"prim": "sha256","op": "update","ctx": "0x56194e01ac50","bytes": 13}
ee{"prim": "sha256","op": "update","ctx": "0x56194e01ac50","bytes": 1}
ee{"prim": "sha256","op": "update","ctx": "0x56194e01ac50","bytes": 64}
ee{"prim": "sha256","op": "update","ctx": "0x56194e01ac50","bytes": 32}
ee{"prim": "sha256","op": "free","ctx": "0x56194e01ac50"}
ee{"prim": "sha256","op": "init","ctx": "0x56194e01ac50"}
ee{"prim": "sha256","op": "update","ctx": "0x56194e01ac50","bytes": 64}
ee{"prim": "sha256","op": "update","ctx": "0x56194e01ac50","bytes": 0}
ee{"prim": "sha256","op": "update","ctx": "0x56194e01ac50","bytes": 13}
ee{"prim": "sha256","op": "update","ctx": "0x56194e01ac50","bytes": 1}
ee{"prim": "sha256","op": "update","ctx": "0x56194e01ac50","bytes": 64}
ee{"prim": "sha256","op": "update","ctx": "0x56194e01ac50","bytes": 32}
ee{"prim": "sha256","op": "free","ctx": "0x56194e01ac50"}
ee{"prim": "sha256","op": "init","ctx": "0x56194e01ac50"}
ee{"prim": "sha256","op": "update","ctx": "0x56194e01ac50","bytes": 64}
ee{"prim": "sha256","op": "update","ctx": "0x56194e01ac50","bytes": 0}
ee{"prim": "sha256","op": "update","ctx": "0x56194e01ac50","bytes": 12}
ee{"prim": "sha256","op": "update","ctx": "0x56194e01ac50","bytes": 1}
ee{"prim": "sha256","op": "update","ctx": "0x56194e01ac50","bytes": 64}
ee{"prim": "sha256","op": "update","ctx": "0x56194e01ac50","bytes": 32}
ee{"prim": "sha256","op": "free","ctx": "0x56194e01ac50"}
ee{"prim": "sha256","op": "init","ctx": "0x56194e01ac50"}
ee{"prim": "sha256","op": "update","ctx": "0x56194e01ac50","bytes": 64}
ee{"prim": "sha256","op": "update","ctx": "0x56194e01ac50","bytes": 0}
ee{"prim": "sha256","op": "update","ctx": "0x56194e01ac50","bytes": 12}
ee{"prim": "sha256","op": "update","ctx": "0x56194e01ac50","bytes": 1}
ee{"prim": "sha256","op": "update","ctx": "0x56194e01ac50","bytes": 64}
ee{"prim": "sha256","op": "update","ctx": "0x56194e01ac50","bytes": 32}
ee{"prim": "sha256","op": "free","ctx": "0x56194e01ac50"}
ee{"prim": "sha256","op": "free","ctx": "0x7ffd4dfedfd0"}
ee{"prim": "ccm","op": "init","ctx": "0x56194e01ade0"}
ee{"prim": "ccm","op": "init","ctx": "0x56194e01b7b0"}
ee{"prim": "aes","op": "init","ctx": "0x56194e01b850"}
ee{"prim": "aes","op": "init","ctx": "0x56194e01b9c0"}
ee{"prim": "ccm","op": "decrypt","ctx": "0x56194e01b7b0","bytes": 11}
ee{"prim": "aes","op": "encrypt","ctx": "0x56194e01b9c0","bytes": 16}
ee{"prim": "aes","op": "encrypt","ctx": "0x56194e01b9c0","bytes": 16}
ee{"prim": "aes","op": "encrypt","ctx": "0x56194e01b9c0","bytes": 16}
ee{"prim": "aes","op": "encrypt","ctx": "0x56194e01b9c0","bytes": 16}
ee{"prim": "aes","op": "encrypt","ctx": "0x56194e01b9c0","bytes": 16}
ee{"prim": "sha256","op": "update","ctx": "0x56194e019f78","bytes": 10}
ee{"prim": "ccm","op": "decrypt","ctx": "0x56194e01b7b0","bytes": 16}
ee{"prim": "aes","op": "encrypt","ctx": "0x56194e01b9c0","bytes": 16}
ee{"prim": "aes","op": "encrypt","ctx": "0x56194e01b9c0","bytes": 16}
ee{"prim": "aes","op": "encrypt","ctx": "0x56194e01b9c0","bytes": 16}
ee{"prim": "aes","op": "encrypt","ctx": "0x56194e01b9c0","bytes": 16}
ee{"prim": "aes","op": "encrypt","ctx": "0x56194e01b9c0","bytes": 16}
ee{"prim": "sha256","op": "update","ctx": "0x56194e019f78","bytes": 15}
ee{"prim": "ccm","op": "decrypt","ctx": "0x56194e01b7b0","bytes": 301}
ee{"prim": "aes","op": "encrypt","ctx": "0x56194e01b9c0","bytes": 16}
ee{"prim": "aes","op": "encrypt","ctx": "0x56194e01b9c0","bytes": 16}
ee{"prim": "aes","op": "encrypt","ctx": "0x56194e01b9c0","bytes": 16}
ee{"prim": "aes","op": "encrypt","ctx": "0x56194e01b9c0","bytes": 16}
ee{"prim": "aes","op": "encrypt","ctx": "0x56194e01b9c0","bytes": 16}
ee{"prim": "aes","op": "encrypt","ctx": "0x56194e01b9c0","bytes": 16}
ee{"prim": "aes","op": "encrypt","ctx": "0x56194e01b9c0","bytes": 16}
ee{"prim": "aes","op": "encrypt","ctx": "0x56194e01b9c0","bytes": 16}
ee{"prim": "aes","op": "encrypt","ctx": "0x56194e01b9c0","bytes": 16}
ee{"prim": "aes","op": "encrypt","ctx": "0x56194e01b9c0","bytes": 16}
ee{"prim": "aes","op": "encrypt","ctx": "0x56194e01b9c0","bytes": 16}
ee{"prim": "aes","op": "encrypt","ctx": "0x56194e01b9c0","bytes": 16}
ee{"prim": "aes","op": "encrypt","ctx": "0x56194e01b9c0","bytes": 16}
ee{"prim": "aes","op": "encrypt","ctx": "0x56194e01b9c0","bytes": 16}
ee{"prim": "aes","op": "encrypt","ctx": "0x56194e01b9c0","bytes": 16}
ee{"prim": "aes","op": "encrypt","ctx": "0x56194e01b9c0","bytes": 16}
ee{"prim": "aes","op": "encrypt","ctx": "0x56194e01b9c0","bytes": 16}
ee{"prim": "aes","op": "encrypt","ctx": "0x56194e01b9c0","bytes": 16}
ee{"prim": "aes","op": "encrypt","ctx": "0x56194e01b9c0","bytes": 16}
ee{"prim": "aes","op": "encrypt","ctx": "0x56194e01b9c0","bytes": 16}
ee{"prim": "aes","op": "encrypt","ctx": "0x56194e01b9c0","bytes": 16}
ee{"prim": "aes","op": "encrypt","ctx": "0x56194e01b9c0","bytes": 16}
ee{"prim": "aes","op": "encrypt","ctx": "0x56194e01b9c0","bytes": 16}
ee{"prim": "aes","op": "encrypt","ctx": "0x56194e01b9c0","bytes": 16}
ee{"prim": "aes","op": "encrypt","ctx": "0x56194e01b9c0","bytes": 16}
ee{"prim": "aes","op": "encrypt","ctx": "0x56194e01b9c0","bytes": 16}
ee{"prim": "aes","op": "encrypt","ctx": "0x56194e01b9c0","bytes": 16}
ee{"prim": "aes","op": "encrypt","ctx": "0x56194e01b9c0","bytes": 16}
ee{"prim": "aes","op": "encrypt","ctx": "0x56194e01b9c0","bytes": 16}
ee{"prim": "aes","op": "encrypt","ctx": "0x56194e01b9c0","bytes": 16}
ee{"prim": "aes","op": "encrypt","ctx": "0x56194e01b9c0","bytes": 16}
ee{"prim": "aes","op": "encrypt","ctx": "0x56194e01b9c0","bytes": 16}
ee{"prim": "aes","op": "encrypt","ctx": "0x56194e01b9c0","bytes": 16}
ee{"prim": "aes","op": "encrypt","ctx": "0x56194e01b9c0","bytes": 16}
ee{"prim": "aes","op": "encrypt","ctx": "0x56194e01b9c0","bytes": 16}
ee{"prim": "aes","op": "encrypt","ctx": "0x56194e01b9c0","bytes": 16}
ee{"prim": "aes","op": "encrypt","ctx": "0x56194e01b9c0","bytes": 16}
ee{"prim": "aes","op": "encrypt","ctx": "0x56194e01b9c0","bytes": 16}
ee{"prim": "aes","op": "encrypt","ctx": "0x56194e01b9c0","bytes": 16}
ee{"prim": "aes","op": "encrypt","ctx": "0x56194e01b9c0","bytes": 16}
ee{"prim": "aes","op": "encrypt","ctx": "0x56194e01b9c0","bytes": 16}
ee{"prim": "sha256","op": "update","ctx": "0x56194e019f78","bytes": 300}
ee{"prim": "sha256","op": "init","ctx": "0x7ffd4dfedcf0"}
ee{"prim": "sha256","op": "update","ctx": "0x7ffd4dfedcf0","bytes": 197}
ee{"prim": "sha256","op": "free","ctx": "0x7ffd4dfedcf0"}
ee{"prim": "ecdsa","op": "init","ctx": "0x7ffd4dfedb60"}
ee{"prim": "ecdsa","op": "read_signature","ctx": "0x7ffd4dfedb60"}
ee{"prim": "sha256","op": "init","ctx": "0x56194e01c140"}
ee{"prim": "sha256","op": "update","ctx": "0x56194e01c140","bytes": 64}
ee{"prim": "sha256","op": "update","ctx": "0x56194e01c140","bytes": 64}
ee{"prim": "sha256","op": "update","ctx": "0x56194e01c140","bytes": 32}
ee{"prim": "sha256","op": "update","ctx": "0x56194e01c140","bytes": 1}
ee{"prim": "sha256","op": "update","ctx": "0x56194e01c140","bytes": 32}
ee{"prim": "sha256","op": "update","ctx": "0x56194e01c140","bytes": 64}
ee{"prim": "sha256","op": "update","ctx": "0x56194e01c140","bytes": 32}
ee{"prim": "sha256","op": "update","ctx": "0x56194e01c140","bytes": 64}
ee{"prim": "sha256","op": "update","ctx": "0x56194e01c140","bytes": 32}
ee{"prim": "sha256","op": "update","ctx": "0x56194e01c140","bytes": 64}
ee{"prim": "sha256","op": "update","ctx": "0x56194e01c140","bytes": 32}
ee{"prim": "sha256","op": "update","ctx": "0x56194e01c140","bytes": 64}
ee{"prim": "sha256","op": "update","ctx": "0x56194e01c140","bytes": 32}
ee{"prim": "sha256","op": "update","ctx": "0x56194e01c140","bytes": 1}
ee{"prim": "sha256","op": "update","ctx": "0x56194e01c140","bytes": 32}
ee{"prim": "sha256","op": "update","ctx": "0x56194e01c140","bytes": 64}
ee{"prim": "sha256","op": "update","ctx": "0x56194e01c140","bytes": 32}
ee{"prim": "sha256","op": "update","ctx": "0x56194e01c140","bytes": 64}
ee{"prim": "sha256","op": "update","ctx": "0x56194e01c140","bytes": 32}
ee{"prim": "sha256","op": "update","ctx": "0x56194e01c140","bytes": 64}
ee{"prim": "sha256","op": "update","ctx": "0x56194e01c140","bytes": 32}
ee{"prim": "sha256","op": "update","ctx": "0x56194e01c140","bytes": 64}
ee{"prim": "sha256","op": "update","ctx": "0x56194e01c140","bytes": 32}
ee{"prim": "sha256","op": "update","ctx": "0x56194e01c140","bytes": 64}
ee{"prim": "sha256","op": "update","ctx": "0x56194e01c140","bytes": 32}
ee{"prim": "sha256","op": "update","ctx": "0x56194e01c140","bytes": 64}
ee{"prim": "sha256","op": "update","ctx": "0x56194e01c140","bytes": 32}
ee{"prim": "sha256","op": "update","ctx": "0x56194e01c140","bytes": 1}
ee{"prim": "sha256","op": "update","ctx": "0x56194e01c140","bytes": 64}
ee{"prim": "sha256","op": "update","ctx": "0x56194e01c140","bytes": 32}
ee{"prim": "sha256","op": "update","ctx": "0x56194e01c140","bytes": 64}
ee{"prim": "sha256","op": "update","ctx": "0x56194e01c140","bytes": 32}
ee{"prim": "sha256","op": "update","ctx": "0x56194e01c140","bytes": 64}
ee{"prim": "sha256","op": "update","ctx": "0x56194e01c140","bytes": 32}
ee{"prim": "sha256","op": "update","ctx": "0x56194e01c140","bytes": 64}
ee{"prim": "sha256","op": "update","ctx": "0x56194e01c140","bytes": 32}
ee{"prim": "sha256","op": "update","ctx": "0x56194e01c140","bytes": 64}
ee{"prim": "sha256","op": "update","ctx": "0x56194e01c140","bytes": 32}
ee{"prim": "sha256","op": "update","ctx": "0x56194e01c140","bytes": 64}
ee{"prim": "sha256","op": "update","ctx": "0x56194e01c140","bytes": 32}
ee{"prim": "sha256","op": "update","ctx": "0x56194e01c140","bytes": 1}
ee{"prim": "sha256","op": "update","ctx": "0x56194e01c140","bytes": 64}
ee{"prim": "sha256","op": "update","ctx": "0x56194e01c140","bytes": 32}
ee{"prim": "sha256","op": "update","ctx": "0x56194e01c140","bytes": 64}
ee{"prim": "sha256","op": "update","ctx": "0x56194e01c140","bytes": 32}
ee{"prim": "sha256","op": "update","ctx": "0x56194e01c140","bytes": 64}
ee{"prim": "sha256","op": "update","ctx": "0x56194e01c140","bytes": 32}
ee{"prim": "sha256","op": "free","ctx": "0x56194e01c140"}
ee{"prim": "sha256","op": "init","ctx": "0x56194e01c140"}
ee{"prim": "sha256","op": "update","ctx": "0x56194e01c140","bytes": 64}
ee{"prim": "sha256","op": "update","ctx": "0x56194e01c140","bytes": 64}
ee{"prim": "sha256","op": "update","ctx": "0x56194e01c140","bytes": 32}
ee{"prim": "sha256","op": "update","ctx": "0x56194e01c140","bytes": 1}
ee{"prim": "sha256","op": "update","ctx": "0x56194e01c140","bytes": 32}
ee{"prim": "sha256","op": "update","ctx": "0x56194e01c140","bytes": 64}
ee{"prim": "sha256","op": "update","ctx": "0x56194e01c140","bytes": 32}
ee{"prim": "sha256","op": "update","ctx": "0x56194e01c140","bytes": 64}
ee{"prim": "sha256","op": "update","ctx": "0x56194e01c140","bytes": 32}
ee{"prim": "sha256","op": "update","ctx": "0x56194e01c140","bytes": 64}
ee{"prim": "sha256","op": "update","ctx": "0x56194e01c140","bytes": 32}
ee{"prim": "sha256","op": "update","ctx": "0x56194e01c140","bytes": 64}
ee{"prim": "sha256","op": "update","ctx": "0x56194e01c140","bytes": 32}
ee{"prim": "sha256","op": "update","ctx": "0x56194e01c140","bytes": 1}
ee{"prim": "sha256","op": "update","ctx": "0x56194e01c140","bytes": 32}
ee{"prim": "sha256","op": "update","ctx": "0x56194e01c140","bytes": 64}
ee{"prim": "sha256","op": "update","ctx": "0x56194e01c140","bytes": 32}
ee{"prim": "sha256","op": "update","ctx": "0x56194e01c140","bytes": 64}
ee{"prim": "sha256","op": "update","ctx": "0x56194e01c140","bytes": 32}
ee{"prim": "sha256","op": "update","ctx": "0x56194e01c140","bytes": 64}
ee{"prim": "sha256","op": "update","ctx": "0x56194e01c140","bytes": 32}
ee{"prim": "sha256","op": "update","ctx": "0x56194e01c140","bytes": 64}
ee{"prim": "sha256","op": "update","ctx": "0x56194e01c140","bytes": 32}
ee{"prim": "sha256","op": "update","ctx": "0x56194e01c140","bytes": 64}
ee{"prim": "sha256","op": "update","ctx": "0x56194e01c140","bytes": 32}
ee{"prim": "sha256","op": "update","ctx": "0x56194e01c140","bytes": 64}
ee{"prim": "sha256","op": "update","ctx": "0x56194e01c140","bytes": 32}
ee{"prim": "sha256","op": "update","ctx": "0x56194e01c140","bytes": 1}
ee{"prim": "sha256","op": "update","ctx": "0x56194e01c140","bytes": 64}
ee{"prim": "sha256","op": "update","ctx": "0x56194e01c140","bytes": 32}
ee{"prim": "sha256","op": "update","ctx": "0x56194e01c140","bytes": 64}
ee{"prim": "sha256","op": "update","ctx": "0x56194e01c140","bytes": 32}
ee{"prim": "sha256","op": "update","ctx": "0x56194e01c140","bytes": 64}
ee{"prim": "sha256","op": "update","ctx": "0x56194e01c140","bytes": 32}
ee{"prim": "sha256","op": "update","ctx": "0x56194e01c140","bytes": 64}
ee{"prim": "sha256","op": "update","ctx": "0x56194e01c140","bytes": 32}
ee{"prim": "sha256","op": "update","ctx": "0x56194e01c140","bytes": 64}
ee{"prim": "sha256","op": "update","ctx": "0x56194e01c140","bytes": 32}
ee{"prim": "sha256","op": "update","ctx": "0x56194e01c140","bytes": 64}
ee{"prim": "sha256","op": "update","ctx": "0x56194e01c140","bytes": 32}
ee{"prim": "sha256","op": "update","ctx": "0x56194e01c140","bytes": 1}
ee{"prim": "sha256","op": "update","ctx": "0x56194e01c140","bytes": 64}
ee{"prim": "sha256","op": "update","ctx": "0x56194e01c140","bytes": 32}
ee{"prim": "sha256","op": "update","ctx": "0x56194e01c140","bytes": 64}
ee{"prim": "sha256","op": "update","ctx": "0x56194e01c140","bytes": 32}
ee{"prim": "sha256","op": "update","ctx": "0x56194e01c140","bytes": 64}
ee{"prim": "sha256","op": "update","ctx": "0x56194e01c140","bytes": 32}
ee{"prim": "sha256","op": "free","ctx": "0x56194e01c140"}
ee{"prim": "ecdsa","op": "read_signature-EXIT","ctx": "0x7ffd4dfedb60"}
ee{"prim": "ecdsa","op": "free","ctx": "0x7ffd4dfedb60"}
ee{"prim": "sha256","op": "init","ctx": "0x7ffd4dfedfd0"}
ee{"prim": "sha256","op": "clone","ctx": "0x56194e019f78","ctx2": "0x7ffd4dfedfd0"}
Warning: cloning into existing context: 0x56194e019f78 into 0x7ffd4dfedfd0
ee{"prim": "sha256","op": "init","ctx": "0x7ffd4dfedee0"}
ee{"prim": "sha256","op": "update","ctx": "0x7ffd4dfedee0","bytes": 130}
ee{"prim": "sha256","op": "free","ctx": "0x7ffd4dfedee0"}
ee{"prim": "sha256","op": "free","ctx": "0x7ffd4dfedfd0"}
ee{"prim": "ccm","op": "decrypt","ctx": "0x56194e01b7b0","bytes": 80}
ee{"prim": "aes","op": "encrypt","ctx": "0x56194e01b9c0","bytes": 16}
ee{"prim": "aes","op": "encrypt","ctx": "0x56194e01b9c0","bytes": 16}
ee{"prim": "aes","op": "encrypt","ctx": "0x56194e01b9c0","bytes": 16}
ee{"prim": "aes","op": "encrypt","ctx": "0x56194e01b9c0","bytes": 16}
ee{"prim": "aes","op": "encrypt","ctx": "0x56194e01b9c0","bytes": 16}
ee{"prim": "aes","op": "encrypt","ctx": "0x56194e01b9c0","bytes": 16}
ee{"prim": "aes","op": "encrypt","ctx": "0x56194e01b9c0","bytes": 16}
ee{"prim": "aes","op": "encrypt","ctx": "0x56194e01b9c0","bytes": 16}
ee{"prim": "aes","op": "encrypt","ctx": "0x56194e01b9c0","bytes": 16}
ee{"prim": "aes","op": "encrypt","ctx": "0x56194e01b9c0","bytes": 16}
ee{"prim": "aes","op": "encrypt","ctx": "0x56194e01b9c0","bytes": 16}
ee{"prim": "aes","op": "encrypt","ctx": "0x56194e01b9c0","bytes": 16}
ee{"prim": "aes","op": "encrypt","ctx": "0x56194e01b9c0","bytes": 16}
ee{"prim": "sha256","op": "update","ctx": "0x56194e019f78","bytes": 79}
ee{"prim": "ecdsa","op": "init","ctx": "0x7ffd4dfedf00"}
ee{"prim": "ecdsa","op": "read_signature","ctx": "0x7ffd4dfedf00"}
ee{"prim": "sha256","op": "init","ctx": "0x56194e01c140"}
ee{"prim": "sha256","op": "update","ctx": "0x56194e01c140","bytes": 64}
ee{"prim": "sha256","op": "update","ctx": "0x56194e01c140","bytes": 64}
ee{"prim": "sha256","op": "update","ctx": "0x56194e01c140","bytes": 32}
ee{"prim": "sha256","op": "update","ctx": "0x56194e01c140","bytes": 1}
ee{"prim": "sha256","op": "update","ctx": "0x56194e01c140","bytes": 32}
ee{"prim": "sha256","op": "update","ctx": "0x56194e01c140","bytes": 64}
ee{"prim": "sha256","op": "update","ctx": "0x56194e01c140","bytes": 32}
ee{"prim": "sha256","op": "update","ctx": "0x56194e01c140","bytes": 64}
ee{"prim": "sha256","op": "update","ctx": "0x56194e01c140","bytes": 32}
ee{"prim": "sha256","op": "update","ctx": "0x56194e01c140","bytes": 64}
ee{"prim": "sha256","op": "update","ctx": "0x56194e01c140","bytes": 32}
ee{"prim": "sha256","op": "update","ctx": "0x56194e01c140","bytes": 64}
ee{"prim": "sha256","op": "update","ctx": "0x56194e01c140","bytes": 32}
ee{"prim": "sha256","op": "update","ctx": "0x56194e01c140","bytes": 1}
ee{"prim": "sha256","op": "update","ctx": "0x56194e01c140","bytes": 32}
ee{"prim": "sha256","op": "update","ctx": "0x56194e01c140","bytes": 64}
ee{"prim": "sha256","op": "update","ctx": "0x56194e01c140","bytes": 32}
ee{"prim": "sha256","op": "update","ctx": "0x56194e01c140","bytes": 64}
ee{"prim": "sha256","op": "update","ctx": "0x56194e01c140","bytes": 32}
ee{"prim": "sha256","op": "update","ctx": "0x56194e01c140","bytes": 64}
ee{"prim": "sha256","op": "update","ctx": "0x56194e01c140","bytes": 32}
ee{"prim": "sha256","op": "update","ctx": "0x56194e01c140","bytes": 64}
ee{"prim": "sha256","op": "update","ctx": "0x56194e01c140","bytes": 32}
ee{"prim": "sha256","op": "update","ctx": "0x56194e01c140","bytes": 64}
ee{"prim": "sha256","op": "update","ctx": "0x56194e01c140","bytes": 32}
ee{"prim": "sha256","op": "update","ctx": "0x56194e01c140","bytes": 64}
ee{"prim": "sha256","op": "update","ctx": "0x56194e01c140","bytes": 32}
ee{"prim": "sha256","op": "update","ctx": "0x56194e01c140","bytes": 1}
ee{"prim": "sha256","op": "update","ctx": "0x56194e01c140","bytes": 64}
ee{"prim": "sha256","op": "update","ctx": "0x56194e01c140","bytes": 32}
ee{"prim": "sha256","op": "update","ctx": "0x56194e01c140","bytes": 64}
ee{"prim": "sha256","op": "update","ctx": "0x56194e01c140","bytes": 32}
ee{"prim": "sha256","op": "update","ctx": "0x56194e01c140","bytes": 64}
ee{"prim": "sha256","op": "update","ctx": "0x56194e01c140","bytes": 32}
ee{"prim": "sha256","op": "update","ctx": "0x56194e01c140","bytes": 64}
ee{"prim": "sha256","op": "update","ctx": "0x56194e01c140","bytes": 32}
ee{"prim": "sha256","op": "update","ctx": "0x56194e01c140","bytes": 64}
ee{"prim": "sha256","op": "update","ctx": "0x56194e01c140","bytes": 32}
ee{"prim": "sha256","op": "update","ctx": "0x56194e01c140","bytes": 64}
ee{"prim": "sha256","op": "update","ctx": "0x56194e01c140","bytes": 32}
ee{"prim": "sha256","op": "update","ctx": "0x56194e01c140","bytes": 1}
ee{"prim": "sha256","op": "update","ctx": "0x56194e01c140","bytes": 64}
ee{"prim": "sha256","op": "update","ctx": "0x56194e01c140","bytes": 32}
ee{"prim": "sha256","op": "update","ctx": "0x56194e01c140","bytes": 64}
ee{"prim": "sha256","op": "update","ctx": "0x56194e01c140","bytes": 32}
ee{"prim": "sha256","op": "update","ctx": "0x56194e01c140","bytes": 64}
ee{"prim": "sha256","op": "update","ctx": "0x56194e01c140","bytes": 32}
ee{"prim": "sha256","op": "free","ctx": "0x56194e01c140"}
ee{"prim": "sha256","op": "init","ctx": "0x56194e01c140"}
ee{"prim": "sha256","op": "update","ctx": "0x56194e01c140","bytes": 64}
ee{"prim": "sha256","op": "update","ctx": "0x56194e01c140","bytes": 64}
ee{"prim": "sha256","op": "update","ctx": "0x56194e01c140","bytes": 32}
ee{"prim": "sha256","op": "update","ctx": "0x56194e01c140","bytes": 1}
ee{"prim": "sha256","op": "update","ctx": "0x56194e01c140","bytes": 32}
ee{"prim": "sha256","op": "update","ctx": "0x56194e01c140","bytes": 64}
ee{"prim": "sha256","op": "update","ctx": "0x56194e01c140","bytes": 32}
ee{"prim": "sha256","op": "update","ctx": "0x56194e01c140","bytes": 64}
ee{"prim": "sha256","op": "update","ctx": "0x56194e01c140","bytes": 32}
ee{"prim": "sha256","op": "update","ctx": "0x56194e01c140","bytes": 64}
ee{"prim": "sha256","op": "update","ctx": "0x56194e01c140","bytes": 32}
ee{"prim": "sha256","op": "update","ctx": "0x56194e01c140","bytes": 64}
ee{"prim": "sha256","op": "update","ctx": "0x56194e01c140","bytes": 32}
ee{"prim": "sha256","op": "update","ctx": "0x56194e01c140","bytes": 1}
ee{"prim": "sha256","op": "update","ctx": "0x56194e01c140","bytes": 32}
ee{"prim": "sha256","op": "update","ctx": "0x56194e01c140","bytes": 64}
ee{"prim": "sha256","op": "update","ctx": "0x56194e01c140","bytes": 32}
ee{"prim": "sha256","op": "update","ctx": "0x56194e01c140","bytes": 64}
ee{"prim": "sha256","op": "update","ctx": "0x56194e01c140","bytes": 32}
ee{"prim": "sha256","op": "update","ctx": "0x56194e01c140","bytes": 64}
ee{"prim": "sha256","op": "update","ctx": "0x56194e01c140","bytes": 32}
ee{"prim": "sha256","op": "update","ctx": "0x56194e01c140","bytes": 64}
ee{"prim": "sha256","op": "update","ctx": "0x56194e01c140","bytes": 32}
ee{"prim": "sha256","op": "update","ctx": "0x56194e01c140","bytes": 64}
ee{"prim": "sha256","op": "update","ctx": "0x56194e01c140","bytes": 32}
ee{"prim": "sha256","op": "update","ctx": "0x56194e01c140","bytes": 64}
ee{"prim": "sha256","op": "update","ctx": "0x56194e01c140","bytes": 32}
ee{"prim": "sha256","op": "update","ctx": "0x56194e01c140","bytes": 1}
ee{"prim": "sha256","op": "update","ctx": "0x56194e01c140","bytes": 64}
ee{"prim": "sha256","op": "update","ctx": "0x56194e01c140","bytes": 32}
ee{"prim": "sha256","op": "update","ctx": "0x56194e01c140","bytes": 64}
ee{"prim": "sha256","op": "update","ctx": "0x56194e01c140","bytes": 32}
ee{"prim": "sha256","op": "update","ctx": "0x56194e01c140","bytes": 64}
ee{"prim": "sha256","op": "update","ctx": "0x56194e01c140","bytes": 32}
ee{"prim": "sha256","op": "update","ctx": "0x56194e01c140","bytes": 64}
ee{"prim": "sha256","op": "update","ctx": "0x56194e01c140","bytes": 32}
ee{"prim": "sha256","op": "update","ctx": "0x56194e01c140","bytes": 64}
ee{"prim": "sha256","op": "update","ctx": "0x56194e01c140","bytes": 32}
ee{"prim": "sha256","op": "update","ctx": "0x56194e01c140","bytes": 64}
ee{"prim": "sha256","op": "update","ctx": "0x56194e01c140","bytes": 32}
ee{"prim": "sha256","op": "update","ctx": "0x56194e01c140","bytes": 1}
ee{"prim": "sha256","op": "update","ctx": "0x56194e01c140","bytes": 64}
ee{"prim": "sha256","op": "update","ctx": "0x56194e01c140","bytes": 32}
ee{"prim": "sha256","op": "update","ctx": "0x56194e01c140","bytes": 64}
ee{"prim": "sha256","op": "update","ctx": "0x56194e01c140","bytes": 32}
ee{"prim": "sha256","op": "update","ctx": "0x56194e01c140","bytes": 64}
ee{"prim": "sha256","op": "update","ctx": "0x56194e01c140","bytes": 32}
ee{"prim": "sha256","op": "free","ctx": "0x56194e01c140"}
ee{"prim": "ecdsa","op": "read_signature-EXIT","ctx": "0x7ffd4dfedf00"}
ee{"prim": "ecdsa","op": "free","ctx": "0x7ffd4dfedf00"}
ee{"prim": "sha256","op": "init","ctx": "0x7ffd4dfee0a0"}
ee{"prim": "sha256","op": "clone","ctx": "0x56194e019f78","ctx2": "0x7ffd4dfee0a0"}
Warning: cloning into existing context: 0x56194e019f78 into 0x7ffd4dfee0a0
ee{"prim": "sha256","op": "init","ctx": "0x56194e01c140"}
ee{"prim": "sha256","op": "update","ctx": "0x56194e01c140","bytes": 64}
ee{"prim": "sha256","op": "update","ctx": "0x56194e01c140","bytes": 0}
ee{"prim": "sha256","op": "update","ctx": "0x56194e01c140","bytes": 18}
ee{"prim": "sha256","op": "update","ctx": "0x56194e01c140","bytes": 1}
ee{"prim": "sha256","op": "update","ctx": "0x56194e01c140","bytes": 64}
ee{"prim": "sha256","op": "update","ctx": "0x56194e01c140","bytes": 32}
ee{"prim": "sha256","op": "free","ctx": "0x56194e01c140"}
ee{"prim": "sha256","op": "init","ctx": "0x56194e01c140"}
ee{"prim": "sha256","op": "update","ctx": "0x56194e01c140","bytes": 64}
ee{"prim": "sha256","op": "update","ctx": "0x56194e01c140","bytes": 0}
ee{"prim": "sha256","op": "update","ctx": "0x56194e01c140","bytes": 18}
ee{"prim": "sha256","op": "update","ctx": "0x56194e01c140","bytes": 1}
ee{"prim": "sha256","op": "update","ctx": "0x56194e01c140","bytes": 64}
ee{"prim": "sha256","op": "update","ctx": "0x56194e01c140","bytes": 32}
ee{"prim": "sha256","op": "free","ctx": "0x56194e01c140"}
ee{"prim": "sha256","op": "init","ctx": "0x56194e01c140"}
ee{"prim": "sha256","op": "update","ctx": "0x56194e01c140","bytes": 64}
ee{"prim": "sha256","op": "update","ctx": "0x56194e01c140","bytes": 32}
ee{"prim": "sha256","op": "update","ctx": "0x56194e01c140","bytes": 64}
ee{"prim": "sha256","op": "update","ctx": "0x56194e01c140","bytes": 32}
ee{"prim": "sha256","op": "free","ctx": "0x56194e01c140"}
ee{"prim": "sha256","op": "free","ctx": "0x7ffd4dfee0a0"}
ee{"prim": "ccm","op": "decrypt","ctx": "0x56194e01b7b0","bytes": 37}
ee{"prim": "aes","op": "encrypt","ctx": "0x56194e01b9c0","bytes": 16}
ee{"prim": "aes","op": "encrypt","ctx": "0x56194e01b9c0","bytes": 16}
ee{"prim": "aes","op": "encrypt","ctx": "0x56194e01b9c0","bytes": 16}
ee{"prim": "aes","op": "encrypt","ctx": "0x56194e01b9c0","bytes": 16}
ee{"prim": "aes","op": "encrypt","ctx": "0x56194e01b9c0","bytes": 16}
ee{"prim": "aes","op": "encrypt","ctx": "0x56194e01b9c0","bytes": 16}
ee{"prim": "aes","op": "encrypt","ctx": "0x56194e01b9c0","bytes": 16}
ee{"prim": "aes","op": "encrypt","ctx": "0x56194e01b9c0","bytes": 16}
ee{"prim": "aes","op": "encrypt","ctx": "0x56194e01b9c0","bytes": 16}
ee{"prim": "sha256","op": "update","ctx": "0x56194e019f78","bytes": 36}
ee{"prim": "sha256","op": "init","ctx": "0x7ffd4dfee0f0"}
ee{"prim": "sha256","op": "clone","ctx": "0x56194e019f78","ctx2": "0x7ffd4dfee0f0"}
Warning: cloning into existing context: 0x56194e019f78 into 0x7ffd4dfee0f0
ee{"prim": "sha256","op": "free","ctx": "0x7ffd4dfee0f0"}
ee{"prim": "sha256","op": "update","ctx": "0x56194e019f78","bytes": 298}
ee{"prim": "ccm","op": "encrypt","ctx": "0x56194e01ade0","bytes": 299}
ee{"prim": "aes","op": "encrypt","ctx": "0x56194e01b850","bytes": 16}
ee{"prim": "aes","op": "encrypt","ctx": "0x56194e01b850","bytes": 16}
ee{"prim": "aes","op": "encrypt","ctx": "0x56194e01b850","bytes": 16}
ee{"prim": "aes","op": "encrypt","ctx": "0x56194e01b850","bytes": 16}
ee{"prim": "aes","op": "encrypt","ctx": "0x56194e01b850","bytes": 16}
ee{"prim": "aes","op": "encrypt","ctx": "0x56194e01b850","bytes": 16}
ee{"prim": "aes","op": "encrypt","ctx": "0x56194e01b850","bytes": 16}
ee{"prim": "aes","op": "encrypt","ctx": "0x56194e01b850","bytes": 16}
ee{"prim": "aes","op": "encrypt","ctx": "0x56194e01b850","bytes": 16}
ee{"prim": "aes","op": "encrypt","ctx": "0x56194e01b850","bytes": 16}
ee{"prim": "aes","op": "encrypt","ctx": "0x56194e01b850","bytes": 16}
ee{"prim": "aes","op": "encrypt","ctx": "0x56194e01b850","bytes": 16}
ee{"prim": "aes","op": "encrypt","ctx": "0x56194e01b850","bytes": 16}
ee{"prim": "aes","op": "encrypt","ctx": "0x56194e01b850","bytes": 16}
ee{"prim": "aes","op": "encrypt","ctx": "0x56194e01b850","bytes": 16}
ee{"prim": "aes","op": "encrypt","ctx": "0x56194e01b850","bytes": 16}
ee{"prim": "aes","op": "encrypt","ctx": "0x56194e01b850","bytes": 16}
ee{"prim": "aes","op": "encrypt","ctx": "0x56194e01b850","bytes": 16}
ee{"prim": "aes","op": "encrypt","ctx": "0x56194e01b850","bytes": 16}
ee{"prim": "aes","op": "encrypt","ctx": "0x56194e01b850","bytes": 16}
ee{"prim": "aes","op": "encrypt","ctx": "0x56194e01b850","bytes": 16}
ee{"prim": "aes","op": "encrypt","ctx": "0x56194e01b850","bytes": 16}
ee{"prim": "aes","op": "encrypt","ctx": "0x56194e01b850","bytes": 16}
ee{"prim": "aes","op": "encrypt","ctx": "0x56194e01b850","bytes": 16}
ee{"prim": "aes","op": "encrypt","ctx": "0x56194e01b850","bytes": 16}
ee{"prim": "aes","op": "encrypt","ctx": "0x56194e01b850","bytes": 16}
ee{"prim": "aes","op": "encrypt","ctx": "0x56194e01b850","bytes": 16}
ee{"prim": "aes","op": "encrypt","ctx": "0x56194e01b850","bytes": 16}
ee{"prim": "aes","op": "encrypt","ctx": "0x56194e01b850","bytes": 16}
ee{"prim": "aes","op": "encrypt","ctx": "0x56194e01b850","bytes": 16}
ee{"prim": "aes","op": "encrypt","ctx": "0x56194e01b850","bytes": 16}
ee{"prim": "aes","op": "encrypt","ctx": "0x56194e01b850","bytes": 16}
ee{"prim": "aes","op": "encrypt","ctx": "0x56194e01b850","bytes": 16}
ee{"prim": "aes","op": "encrypt","ctx": "0x56194e01b850","bytes": 16}
ee{"prim": "aes","op": "encrypt","ctx": "0x56194e01b850","bytes": 16}
ee{"prim": "aes","op": "encrypt","ctx": "0x56194e01b850","bytes": 16}
ee{"prim": "aes","op": "encrypt","ctx": "0x56194e01b850","bytes": 16}
ee{"prim": "aes","op": "encrypt","ctx": "0x56194e01b850","bytes": 16}
ee{"prim": "aes","op": "encrypt","ctx": "0x56194e01b850","bytes": 16}
ee{"prim": "aes","op": "encrypt","ctx": "0x56194e01b850","bytes": 16}
ee{"prim": "aes","op": "encrypt","ctx": "0x56194e01b850","bytes": 16}
ee{"prim": "sha256","op": "init","ctx": "0x7ffd4dfedf40"}
ee{"prim": "sha256","op": "clone","ctx": "0x56194e019f78","ctx2": "0x7ffd4dfedf40"}
Warning: cloning into existing context: 0x56194e019f78 into 0x7ffd4dfedf40
ee{"prim": "sha256","op": "init","ctx": "0x7ffd4dfede50"}
ee{"prim": "sha256","op": "update","ctx": "0x7ffd4dfede50","bytes": 130}
ee{"prim": "sha256","op": "free","ctx": "0x7ffd4dfede50"}
ee{"prim": "sha256","op": "free","ctx": "0x7ffd4dfedf40"}
ee{"prim": "ecdsa","op": "init","ctx": "0x7ffd4dfedea0"}
ee{"prim": "ecdsa","op": "write_signature","ctx": "0x7ffd4dfedea0"}
ee{"prim": "sha256","op": "init","ctx": "0x56194e01c140"}
ee{"prim": "sha256","op": "update","ctx": "0x56194e01c140","bytes": 64}
ee{"prim": "sha256","op": "update","ctx": "0x56194e01c140","bytes": 64}
ee{"prim": "sha256","op": "update","ctx": "0x56194e01c140","bytes": 32}
ee{"prim": "sha256","op": "update","ctx": "0x56194e01c140","bytes": 1}
ee{"prim": "sha256","op": "update","ctx": "0x56194e01c140","bytes": 64}
ee{"prim": "sha256","op": "update","ctx": "0x56194e01c140","bytes": 64}
ee{"prim": "sha256","op": "update","ctx": "0x56194e01c140","bytes": 32}
ee{"prim": "sha256","op": "update","ctx": "0x56194e01c140","bytes": 64}
ee{"prim": "sha256","op": "update","ctx": "0x56194e01c140","bytes": 32}
ee{"prim": "sha256","op": "update","ctx": "0x56194e01c140","bytes": 64}
ee{"prim": "sha256","op": "update","ctx": "0x56194e01c140","bytes": 32}
ee{"prim": "sha256","op": "update","ctx": "0x56194e01c140","bytes": 64}
ee{"prim": "sha256","op": "update","ctx": "0x56194e01c140","bytes": 32}
ee{"prim": "sha256","op": "update","ctx": "0x56194e01c140","bytes": 1}
ee{"prim": "sha256","op": "update","ctx": "0x56194e01c140","bytes": 64}
ee{"prim": "sha256","op": "update","ctx": "0x56194e01c140","bytes": 64}
ee{"prim": "sha256","op": "update","ctx": "0x56194e01c140","bytes": 32}
ee{"prim": "sha256","op": "update","ctx": "0x56194e01c140","bytes": 64}
ee{"prim": "sha256","op": "update","ctx": "0x56194e01c140","bytes": 32}
ee{"prim": "sha256","op": "update","ctx": "0x56194e01c140","bytes": 64}
ee{"prim": "sha256","op": "update","ctx": "0x56194e01c140","bytes": 32}
ee{"prim": "sha256","op": "update","ctx": "0x56194e01c140","bytes": 64}
ee{"prim": "sha256","op": "update","ctx": "0x56194e01c140","bytes": 32}
ee{"prim": "sha256","op": "update","ctx": "0x56194e01c140","bytes": 64}
ee{"prim": "sha256","op": "update","ctx": "0x56194e01c140","bytes": 32}
ee{"prim": "sha256","op": "update","ctx": "0x56194e01c140","bytes": 64}
ee{"prim": "sha256","op": "update","ctx": "0x56194e01c140","bytes": 32}
ee{"prim": "sha256","op": "update","ctx": "0x56194e01c140","bytes": 1}
ee{"prim": "sha256","op": "update","ctx": "0x56194e01c140","bytes": 64}
ee{"prim": "sha256","op": "update","ctx": "0x56194e01c140","bytes": 32}
ee{"prim": "sha256","op": "update","ctx": "0x56194e01c140","bytes": 64}
ee{"prim": "sha256","op": "update","ctx": "0x56194e01c140","bytes": 32}
ee{"prim": "sha256","op": "update","ctx": "0x56194e01c140","bytes": 64}
ee{"prim": "sha256","op": "update","ctx": "0x56194e01c140","bytes": 32}
ee{"op": "mbedtls_ctr_drbg_random_with_add","ctx": "0x7ffd4dfeea30","ctx2": "0x7ffd4dfeea58"}
ee{"prim": "aes","op": "encrypt","ctx": "0x7ffd4dfeea58","bytes": 16}
ee{"op": "mbedtls_ctr_drbg_random_with_add","ctx": "0x7ffd4dfeea30","ctx2": "0x7ffd4dfeea58"}
ee{"prim": "aes","op": "encrypt","ctx": "0x7ffd4dfeea58","bytes": 16}
ee{"op": "ctr_drbg_update_internal","ctx": "0x7ffd4dfeea30","ctx2": "0x7ffd4dfeea58"}
ee{"prim": "aes","op": "encrypt","ctx": "0x7ffd4dfeea58","bytes": 16}
ee{"op": "ctr_drbg_update_internal","ctx": "0x7ffd4dfeea30","ctx2": "0x7ffd4dfeea58"}
ee{"prim": "aes","op": "encrypt","ctx": "0x7ffd4dfeea58","bytes": 16}
ee{"op": "ctr_drbg_update_internal","ctx": "0x7ffd4dfeea30","ctx2": "0x7ffd4dfeea58"}
ee{"prim": "aes","op": "encrypt","ctx": "0x7ffd4dfeea58","bytes": 16}
ee{"op": "mbedtls_ctr_drbg_random_with_add","ctx": "0x7ffd4dfeea30","ctx2": "0x7ffd4dfeea58"}
ee{"prim": "aes","op": "encrypt","ctx": "0x7ffd4dfeea58","bytes": 16}
ee{"op": "mbedtls_ctr_drbg_random_with_add","ctx": "0x7ffd4dfeea30","ctx2": "0x7ffd4dfeea58"}
ee{"prim": "aes","op": "encrypt","ctx": "0x7ffd4dfeea58","bytes": 16}
ee{"op": "ctr_drbg_update_internal","ctx": "0x7ffd4dfeea30","ctx2": "0x7ffd4dfeea58"}
ee{"prim": "aes","op": "encrypt","ctx": "0x7ffd4dfeea58","bytes": 16}
ee{"op": "ctr_drbg_update_internal","ctx": "0x7ffd4dfeea30","ctx2": "0x7ffd4dfeea58"}
ee{"prim": "aes","op": "encrypt","ctx": "0x7ffd4dfeea58","bytes": 16}
ee{"op": "ctr_drbg_update_internal","ctx": "0x7ffd4dfeea30","ctx2": "0x7ffd4dfeea58"}
ee{"prim": "aes","op": "encrypt","ctx": "0x7ffd4dfeea58","bytes": 16}
ee{"op": "mbedtls_ctr_drbg_random_with_add","ctx": "0x7ffd4dfeea30","ctx2": "0x7ffd4dfeea58"}
ee{"prim": "aes","op": "encrypt","ctx": "0x7ffd4dfeea58","bytes": 16}
ee{"op": "mbedtls_ctr_drbg_random_with_add","ctx": "0x7ffd4dfeea30","ctx2": "0x7ffd4dfeea58"}
ee{"prim": "aes","op": "encrypt","ctx": "0x7ffd4dfeea58","bytes": 16}
ee{"op": "ctr_drbg_update_internal","ctx": "0x7ffd4dfeea30","ctx2": "0x7ffd4dfeea58"}
ee{"prim": "aes","op": "encrypt","ctx": "0x7ffd4dfeea58","bytes": 16}
ee{"op": "ctr_drbg_update_internal","ctx": "0x7ffd4dfeea30","ctx2": "0x7ffd4dfeea58"}
ee{"prim": "aes","op": "encrypt","ctx": "0x7ffd4dfeea58","bytes": 16}
ee{"op": "ctr_drbg_update_internal","ctx": "0x7ffd4dfeea30","ctx2": "0x7ffd4dfeea58"}
ee{"prim": "aes","op": "encrypt","ctx": "0x7ffd4dfeea58","bytes": 16}
ee{"prim": "sha256","op": "free","ctx": "0x56194e01c140"}
ee{"prim": "ecdsa","op": "write_signature-EXIT","ctx": "0x7ffd4dfedea0"}
ee{"prim": "ecdsa","op": "free","ctx": "0x7ffd4dfedea0"}
ee{"prim": "sha256","op": "update","ctx": "0x56194e019f78","bytes": 79}
ee{"prim": "ccm","op": "encrypt","ctx": "0x56194e01ade0","bytes": 80}
ee{"prim": "aes","op": "encrypt","ctx": "0x56194e01b850","bytes": 16}
ee{"prim": "aes","op": "encrypt","ctx": "0x56194e01b850","bytes": 16}
ee{"prim": "aes","op": "encrypt","ctx": "0x56194e01b850","bytes": 16}
ee{"prim": "aes","op": "encrypt","ctx": "0x56194e01b850","bytes": 16}
ee{"prim": "aes","op": "encrypt","ctx": "0x56194e01b850","bytes": 16}
ee{"prim": "aes","op": "encrypt","ctx": "0x56194e01b850","bytes": 16}
ee{"prim": "aes","op": "encrypt","ctx": "0x56194e01b850","bytes": 16}
ee{"prim": "aes","op": "encrypt","ctx": "0x56194e01b850","bytes": 16}
ee{"prim": "aes","op": "encrypt","ctx": "0x56194e01b850","bytes": 16}
ee{"prim": "aes","op": "encrypt","ctx": "0x56194e01b850","bytes": 16}
ee{"prim": "aes","op": "encrypt","ctx": "0x56194e01b850","bytes": 16}
ee{"prim": "aes","op": "encrypt","ctx": "0x56194e01b850","bytes": 16}
ee{"prim": "aes","op": "encrypt","ctx": "0x56194e01b850","bytes": 16}
ee{"prim": "sha256","op": "init","ctx": "0x56194e01c140"}
ee{"prim": "sha256","op": "update","ctx": "0x56194e01c140","bytes": 64}
ee{"prim": "sha256","op": "update","ctx": "0x56194e01c140","bytes": 0}
ee{"prim": "sha256","op": "update","ctx": "0x56194e01c140","bytes": 54}
ee{"prim": "sha256","op": "update","ctx": "0x56194e01c140","bytes": 1}
ee{"prim": "sha256","op": "update","ctx": "0x56194e01c140","bytes": 64}
ee{"prim": "sha256","op": "update","ctx": "0x56194e01c140","bytes": 32}
ee{"prim": "sha256","op": "free","ctx": "0x56194e01c140"}
ee{"prim": "sha256","op": "init","ctx": "0x56194e01c140"}
ee{"prim": "sha256","op": "update","ctx": "0x56194e01c140","bytes": 64}
ee{"prim": "sha256","op": "update","ctx": "0x56194e01c140","bytes": 0}
ee{"prim": "sha256","op": "update","ctx": "0x56194e01c140","bytes": 54}
ee{"prim": "sha256","op": "update","ctx": "0x56194e01c140","bytes": 1}
ee{"prim": "sha256","op": "update","ctx": "0x56194e01c140","bytes": 64}
ee{"prim": "sha256","op": "update","ctx": "0x56194e01c140","bytes": 32}
ee{"prim": "sha256","op": "free","ctx": "0x56194e01c140"}
ee{"prim": "sha256","op": "init","ctx": "0x56194e01c140"}
ee{"prim": "sha256","op": "update","ctx": "0x56194e01c140","bytes": 64}
ee{"prim": "sha256","op": "update","ctx": "0x56194e01c140","bytes": 0}
ee{"prim": "sha256","op": "update","ctx": "0x56194e01c140","bytes": 13}
ee{"prim": "sha256","op": "update","ctx": "0x56194e01c140","bytes": 1}
ee{"prim": "sha256","op": "update","ctx": "0x56194e01c140","bytes": 64}
ee{"prim": "sha256","op": "update","ctx": "0x56194e01c140","bytes": 32}
ee{"prim": "sha256","op": "free","ctx": "0x56194e01c140"}
ee{"prim": "sha256","op": "init","ctx": "0x56194e01c140"}
ee{"prim": "sha256","op": "update","ctx": "0x56194e01c140","bytes": 64}
ee{"prim": "sha256","op": "update","ctx": "0x56194e01c140","bytes": 0}
ee{"prim": "sha256","op": "update","ctx": "0x56194e01c140","bytes": 13}
ee{"prim": "sha256","op": "update","ctx": "0x56194e01c140","bytes": 1}
ee{"prim": "sha256","op": "update","ctx": "0x56194e01c140","bytes": 64}
ee{"prim": "sha256","op": "update","ctx": "0x56194e01c140","bytes": 32}
ee{"prim": "sha256","op": "free","ctx": "0x56194e01c140"}
ee{"prim": "sha256","op": "init","ctx": "0x56194e01c140"}
ee{"prim": "sha256","op": "update","ctx": "0x56194e01c140","bytes": 64}
ee{"prim": "sha256","op": "update","ctx": "0x56194e01c140","bytes": 0}
ee{"prim": "sha256","op": "update","ctx": "0x56194e01c140","bytes": 12}
ee{"prim": "sha256","op": "update","ctx": "0x56194e01c140","bytes": 1}
ee{"prim": "sha256","op": "update","ctx": "0x56194e01c140","bytes": 64}
ee{"prim": "sha256","op": "update","ctx": "0x56194e01c140","bytes": 32}
ee{"prim": "sha256","op": "free","ctx": "0x56194e01c140"}
ee{"prim": "sha256","op": "init","ctx": "0x56194e01c140"}
ee{"prim": "sha256","op": "update","ctx": "0x56194e01c140","bytes": 64}
ee{"prim": "sha256","op": "update","ctx": "0x56194e01c140","bytes": 0}
ee{"prim": "sha256","op": "update","ctx": "0x56194e01c140","bytes": 12}
ee{"prim": "sha256","op": "update","ctx": "0x56194e01c140","bytes": 1}
ee{"prim": "sha256","op": "update","ctx": "0x56194e01c140","bytes": 64}
ee{"prim": "sha256","op": "update","ctx": "0x56194e01c140","bytes": 32}
ee{"prim": "sha256","op": "free","ctx": "0x56194e01c140"}
ee{"prim": "sha256","op": "init","ctx": "0x7ffd4dfee030"}
ee{"prim": "sha256","op": "clone","ctx": "0x56194e019f78","ctx2": "0x7ffd4dfee030"}
Warning: cloning into existing context: 0x56194e019f78 into 0x7ffd4dfee030
ee{"prim": "sha256","op": "init","ctx": "0x56194e01c140"}
ee{"prim": "sha256","op": "update","ctx": "0x56194e01c140","bytes": 64}
ee{"prim": "sha256","op": "update","ctx": "0x56194e01c140","bytes": 0}
ee{"prim": "sha256","op": "update","ctx": "0x56194e01c140","bytes": 18}
ee{"prim": "sha256","op": "update","ctx": "0x56194e01c140","bytes": 1}
ee{"prim": "sha256","op": "update","ctx": "0x56194e01c140","bytes": 64}
ee{"prim": "sha256","op": "update","ctx": "0x56194e01c140","bytes": 32}
ee{"prim": "sha256","op": "free","ctx": "0x56194e01c140"}
ee{"prim": "sha256","op": "init","ctx": "0x56194e01c140"}
ee{"prim": "sha256","op": "update","ctx": "0x56194e01c140","bytes": 64}
ee{"prim": "sha256","op": "update","ctx": "0x56194e01c140","bytes": 0}
ee{"prim": "sha256","op": "update","ctx": "0x56194e01c140","bytes": 18}
ee{"prim": "sha256","op": "update","ctx": "0x56194e01c140","bytes": 1}
ee{"prim": "sha256","op": "update","ctx": "0x56194e01c140","bytes": 64}
ee{"prim": "sha256","op": "update","ctx": "0x56194e01c140","bytes": 32}
ee{"prim": "sha256","op": "free","ctx": "0x56194e01c140"}
ee{"prim": "sha256","op": "init","ctx": "0x56194e01c140"}
ee{"prim": "sha256","op": "update","ctx": "0x56194e01c140","bytes": 64}
ee{"prim": "sha256","op": "update","ctx": "0x56194e01c140","bytes": 32}
ee{"prim": "sha256","op": "update","ctx": "0x56194e01c140","bytes": 64}
ee{"prim": "sha256","op": "update","ctx": "0x56194e01c140","bytes": 32}
ee{"prim": "sha256","op": "free","ctx": "0x56194e01c140"}
ee{"prim": "sha256","op": "free","ctx": "0x7ffd4dfee030"}
ee{"prim": "sha256","op": "init","ctx": "0x7ffd4dfee030"}
ee{"prim": "sha256","op": "clone","ctx": "0x56194e019f78","ctx2": "0x7ffd4dfee030"}
Warning: cloning into existing context: 0x56194e019f78 into 0x7ffd4dfee030
ee{"prim": "sha256","op": "init","ctx": "0x56194e01c140"}
ee{"prim": "sha256","op": "update","ctx": "0x56194e01c140","bytes": 64}
ee{"prim": "sha256","op": "update","ctx": "0x56194e01c140","bytes": 0}
ee{"prim": "sha256","op": "update","ctx": "0x56194e01c140","bytes": 18}
ee{"prim": "sha256","op": "update","ctx": "0x56194e01c140","bytes": 1}
ee{"prim": "sha256","op": "update","ctx": "0x56194e01c140","bytes": 64}
ee{"prim": "sha256","op": "update","ctx": "0x56194e01c140","bytes": 32}
ee{"prim": "sha256","op": "free","ctx": "0x56194e01c140"}
ee{"prim": "sha256","op": "init","ctx": "0x56194e01c140"}
ee{"prim": "sha256","op": "update","ctx": "0x56194e01c140","bytes": 64}
ee{"prim": "sha256","op": "update","ctx": "0x56194e01c140","bytes": 0}
ee{"prim": "sha256","op": "update","ctx": "0x56194e01c140","bytes": 18}
ee{"prim": "sha256","op": "update","ctx": "0x56194e01c140","bytes": 1}
ee{"prim": "sha256","op": "update","ctx": "0x56194e01c140","bytes": 64}
ee{"prim": "sha256","op": "update","ctx": "0x56194e01c140","bytes": 32}
ee{"prim": "sha256","op": "free","ctx": "0x56194e01c140"}
ee{"prim": "sha256","op": "init","ctx": "0x56194e01c140"}
ee{"prim": "sha256","op": "update","ctx": "0x56194e01c140","bytes": 64}
ee{"prim": "sha256","op": "update","ctx": "0x56194e01c140","bytes": 32}
ee{"prim": "sha256","op": "update","ctx": "0x56194e01c140","bytes": 64}
ee{"prim": "sha256","op": "update","ctx": "0x56194e01c140","bytes": 32}
ee{"prim": "sha256","op": "free","ctx": "0x56194e01c140"}
ee{"prim": "sha256","op": "free","ctx": "0x7ffd4dfee030"}
ee{"prim": "sha256","op": "update","ctx": "0x56194e019f78","bytes": 36}
ee{"prim": "ccm","op": "encrypt","ctx": "0x56194e01ade0","bytes": 37}
ee{"prim": "aes","op": "encrypt","ctx": "0x56194e01b850","bytes": 16}
ee{"prim": "aes","op": "encrypt","ctx": "0x56194e01b850","bytes": 16}
ee{"prim": "aes","op": "encrypt","ctx": "0x56194e01b850","bytes": 16}
ee{"prim": "aes","op": "encrypt","ctx": "0x56194e01b850","bytes": 16}
ee{"prim": "aes","op": "encrypt","ctx": "0x56194e01b850","bytes": 16}
ee{"prim": "aes","op": "encrypt","ctx": "0x56194e01b850","bytes": 16}
ee{"prim": "aes","op": "encrypt","ctx": "0x56194e01b850","bytes": 16}
ee{"prim": "aes","op": "encrypt","ctx": "0x56194e01b850","bytes": 16}
ee{"prim": "aes","op": "encrypt","ctx": "0x56194e01b850","bytes": 16}
ee{"prim": "sha256","op": "clone","ctx": "0x56194e019f78","ctx2": "0x7ffd4dfedf70"}
ee{"prim": "sha256","op": "init","ctx": "0x56194e01c140"}
ee{"prim": "sha256","op": "update","ctx": "0x56194e01c140","bytes": 64}
ee{"prim": "sha256","op": "update","ctx": "0x56194e01c140","bytes": 0}
ee{"prim": "sha256","op": "update","ctx": "0x56194e01c140","bytes": 52}
ee{"prim": "sha256","op": "update","ctx": "0x56194e01c140","bytes": 1}
ee{"prim": "sha256","op": "update","ctx": "0x56194e01c140","bytes": 64}
ee{"prim": "sha256","op": "update","ctx": "0x56194e01c140","bytes": 32}
ee{"prim": "sha256","op": "free","ctx": "0x56194e01c140"}
ee{"prim": "sha256","op": "free","ctx": "0x7ffd4dfedf70"}
ee{"prim": "ccm","op": "free","ctx": "0x56194e01ade0"}
ee{"prim": "aes","op": "free","ctx": "0x56194e01b850"}
ee{"prim": "ccm","op": "free","ctx": "0x56194e01b7b0"}
ee{"prim": "aes","op": "free","ctx": "0x56194e01b9c0"}
ee{"prim": "ccm","op": "init","ctx": "0x56194e01b7b0"}
ee{"prim": "ccm","op": "init","ctx": "0x56194e01ade0"}
ee{"prim": "aes","op": "init","ctx": "0x56194e01c300"}
ee{"prim": "aes","op": "init","ctx": "0x56194e01c430"}
ee{"prim": "sha256","op": "free","ctx": "0x7ffd4dfee080"}
Warning: freeing context without clone/init: 0x7ffd4dfee080
ee{"prim": "ccm","op": "encrypt","ctx": "0x56194e01b7b0","bytes": 35}
ee{"prim": "aes","op": "encrypt","ctx": "0x56194e01c300","bytes": 16}
ee{"prim": "aes","op": "encrypt","ctx": "0x56194e01c300","bytes": 16}
ee{"prim": "aes","op": "encrypt","ctx": "0x56194e01c300","bytes": 16}
ee{"prim": "aes","op": "encrypt","ctx": "0x56194e01c300","bytes": 16}
ee{"prim": "aes","op": "encrypt","ctx": "0x56194e01c300","bytes": 16}
ee{"prim": "aes","op": "encrypt","ctx": "0x56194e01c300","bytes": 16}
ee{"prim": "aes","op": "encrypt","ctx": "0x56194e01c300","bytes": 16}
ee{"prim": "aes","op": "encrypt","ctx": "0x56194e01c300","bytes": 16}
ee{"prim": "aes","op": "encrypt","ctx": "0x56194e01c300","bytes": 16}
ee{"prim": "ccm","op": "decrypt","ctx": "0x56194e01ade0","bytes": 136}
ee{"prim": "aes","op": "encrypt","ctx": "0x56194e01c430","bytes": 16}
ee{"prim": "aes","op": "encrypt","ctx": "0x56194e01c430","bytes": 16}
ee{"prim": "aes","op": "encrypt","ctx": "0x56194e01c430","bytes": 16}
ee{"prim": "aes","op": "encrypt","ctx": "0x56194e01c430","bytes": 16}
ee{"prim": "aes","op": "encrypt","ctx": "0x56194e01c430","bytes": 16}
ee{"prim": "aes","op": "encrypt","ctx": "0x56194e01c430","bytes": 16}
ee{"prim": "aes","op": "encrypt","ctx": "0x56194e01c430","bytes": 16}
ee{"prim": "aes","op": "encrypt","ctx": "0x56194e01c430","bytes": 16}
ee{"prim": "aes","op": "encrypt","ctx": "0x56194e01c430","bytes": 16}
ee{"prim": "aes","op": "encrypt","ctx": "0x56194e01c430","bytes": 16}
ee{"prim": "aes","op": "encrypt","ctx": "0x56194e01c430","bytes": 16}
ee{"prim": "aes","op": "encrypt","ctx": "0x56194e01c430","bytes": 16}
ee{"prim": "aes","op": "encrypt","ctx": "0x56194e01c430","bytes": 16}
ee{"prim": "aes","op": "encrypt","ctx": "0x56194e01c430","bytes": 16}
ee{"prim": "aes","op": "encrypt","ctx": "0x56194e01c430","bytes": 16}
ee{"prim": "aes","op": "encrypt","ctx": "0x56194e01c430","bytes": 16}
ee{"prim": "aes","op": "encrypt","ctx": "0x56194e01c430","bytes": 16}
ee{"prim": "aes","op": "encrypt","ctx": "0x56194e01c430","bytes": 16}
ee{"prim": "aes","op": "encrypt","ctx": "0x56194e01c430","bytes": 16}
ee{"prim": "aes","op": "encrypt","ctx": "0x56194e01c430","bytes": 16}
ee{"prim": "aes","op": "encrypt","ctx": "0x56194e01c430","bytes": 16}
ee{"prim": "ccm","op": "encrypt","ctx": "0x56194e01b7b0","bytes": 3}
ee{"prim": "aes","op": "encrypt","ctx": "0x56194e01c300","bytes": 16}
ee{"prim": "aes","op": "encrypt","ctx": "0x56194e01c300","bytes": 16}
ee{"prim": "aes","op": "encrypt","ctx": "0x56194e01c300","bytes": 16}
ee{"prim": "aes","op": "encrypt","ctx": "0x56194e01c300","bytes": 16}
ee{"prim": "aes","op": "encrypt","ctx": "0x56194e01c300","bytes": 16}
ee{"prim": "ecdh","op": "free","ctx": "0x56194e019cb8"}
ee{"prim": "ccm","op": "free","ctx": "0x56194e01b7b0"}
ee{"prim": "aes","op": "free","ctx": "0x56194e01c300"}
ee{"prim": "ccm","op": "free","ctx": "0x56194e01ade0"}
ee{"prim": "aes","op": "free","ctx": "0x56194e01c430"}
ee{"prim": "aes","op": "free","ctx": "0x7ffd4dfeea58"}
ee{"prim": "sha256","op": "free","ctx": "0x7ffd4dfeed24"}
alias,                          type,        context:,   -1,    0,    1,    2,    3,    4,    5,    6,    7,    8,    9,   10,   11,   12,   13,   14,   15,   16,   17,   18,   19,
00000,                        sha256,  0x7ffd4dfeed24,   44,     ,     ,     ,     ,     ,     ,     ,     ,     ,     ,     ,     ,     ,     ,     ,     ,     ,     ,     ,     ,
00001,                         aes/E,  0x7ffd4dfeea58,   48,     ,  320,     ,     ,     ,     ,     ,     ,     ,     ,     ,     ,  240,     ,  160,     ,     ,     ,     ,     ,
00002,                        sha256,  0x7ffd4dfeddb0,  128,     ,     ,     ,     ,     ,     ,     ,     ,     ,     ,     ,     ,     ,     ,     ,     ,     ,     ,     ,     ,
00003,                        sha256,  0x7ffd4dfeed24,   76,     ,     ,     ,     ,     ,     ,     ,     ,     ,     ,     ,     ,     ,     ,     ,     ,     ,     ,     ,     ,
00004,                        sha256,  0x7ffd4dfedf00,   32,     ,     ,     ,     ,     ,     ,     ,     ,     ,     ,     ,     ,     ,     ,     ,     ,     ,     ,     ,     ,
00005,                        sha256,  0x7ffd4dfeddb0,  128,     ,     ,     ,     ,     ,     ,     ,     ,     ,     ,     ,     ,     ,     ,     ,     ,     ,     ,     ,     ,
00006,                        sha256,  0x7ffd4dfeed24,   32,     ,     ,     ,     ,     ,     ,     ,     ,     ,     ,     ,     ,     ,     ,     ,     ,     ,     ,     ,     ,
00007,                        sha256,  0x7ffd4dfedf00,   32,     ,     ,     ,     ,     ,     ,     ,     ,     ,     ,     ,     ,     ,     ,     ,     ,     ,     ,     ,     ,
00008,                         aes/E,  0x7ffd4dfedcd0,  336,     ,     ,     ,     ,     ,     ,     ,     ,     ,     ,     ,     ,     ,     ,     ,     ,     ,     ,     ,     ,
00009,       block_ciph/AES+SUBTRACT,b/0x7ffd4dfedcd0,  288,     ,     ,     ,     ,     ,     ,     ,     ,     ,     ,     ,     ,     ,     ,     ,     ,     ,     ,     ,     ,
00010,       ctr_drbg_u/AES+SUBTRACT,u/0x7ffd4dfeea58,   48,     ,  192,     ,     ,     ,     ,     ,     ,     ,     ,     ,     ,  144,     ,   96,     ,     ,     ,     ,     ,
00011,                        sha256,  0x56194e019f78,     ,     ,  163,  117,     ,     ,     ,   15,  300,   79,   36,     ,  298,   79,   36,   10,     ,     ,     ,     ,     ,
00012,                          ecdh,  0x56194e019cb8,     ,     ,     ,     ,     ,     ,     ,     ,     ,     ,     ,     ,     ,     ,     ,    1,     ,     ,     ,     ,     ,
00013,       mbedtls_ct/AES+SUBTRACT,r/0x7ffd4dfeea58,     ,     ,  128,     ,     ,     ,     ,     ,     ,     ,     ,     ,     ,   96,     ,   64,     ,     ,     ,     ,     ,
00014,                        sha256,  0x56194e01a5d0,     ,     ,     ,     ,     ,     ,     ,     ,     ,     ,     ,     ,     ,     ,     ,  192,     ,     ,     ,     ,     ,
00015,                        sha256,  0x7ffd4dfedda0,     ,     ,     ,     ,     ,     ,     ,     ,     ,     ,     ,     ,     ,     ,     ,    0,     ,     ,     ,     ,     ,
00016,                        sha256,  0x56194e01a6e0,     ,     ,     ,     ,     ,     ,     ,     ,     ,     ,     ,     ,     ,     ,     ,  210,     ,     ,     ,     ,     ,
00017,                        sha256,  0x56194e01bc30,     ,     ,     ,     ,     ,     ,     ,     ,     ,     ,     ,     ,     ,     ,     ,  192,     ,     ,     ,     ,     ,
00018,                        sha256,  0x7ffd4dfedda0,     ,     ,     ,     ,     ,     ,     ,     ,     ,     ,     ,     ,     ,     ,     ,    0,     ,     ,     ,     ,     ,
00019,                        sha256,  0x56194e01bd40,     ,     ,     ,     ,     ,     ,     ,     ,     ,     ,     ,     ,     ,     ,     ,  210,     ,     ,     ,     ,     ,
00020,                        sha256,  0x56194e01be50,     ,     ,     ,     ,     ,     ,     ,     ,     ,     ,     ,     ,     ,     ,     ,  192,     ,     ,     ,     ,     ,
00022,                        sha256,  0x56194e01bf60,     ,     ,     ,     ,     ,     ,     ,     ,     ,     ,     ,     ,     ,     ,     ,  215,     ,     ,     ,     ,     ,
00023,                        sha256,  0x56194e01c070,     ,     ,     ,     ,     ,     ,     ,     ,     ,     ,     ,     ,     ,     ,     ,  215,     ,     ,     ,     ,     ,
00024,                        sha256,  0x56194e01ac50,     ,     ,     ,     ,     ,     ,     ,     ,     ,     ,     ,     ,     ,     ,     ,  213,     ,     ,     ,     ,     ,
00025,                        sha256,  0x56194e01ac50,     ,     ,     ,     ,     ,     ,     ,     ,     ,     ,     ,     ,     ,     ,     ,  174,     ,     ,     ,     ,     ,
00026,                        sha256,  0x56194e01ac50,     ,     ,     ,     ,     ,     ,     ,     ,     ,     ,     ,     ,     ,     ,     ,  174,     ,     ,     ,     ,     ,
00027,                        sha256,  0x56194e01ac50,     ,     ,     ,     ,     ,     ,     ,     ,     ,     ,     ,     ,     ,     ,     ,  173,     ,     ,     ,     ,     ,
00028,                        sha256,  0x56194e01ac50,     ,     ,     ,     ,     ,     ,     ,     ,     ,     ,     ,     ,     ,     ,     ,  173,     ,     ,     ,     ,     ,
00029,                         ccm/E,  0x56194e01ade0,     ,     ,     ,     ,     ,     ,     ,     ,     ,     ,     ,     ,  299,   80,   37,     ,     ,     ,     ,     ,     ,
00030,                         ccm/D,  0x56194e01b7b0,     ,     ,     ,     ,     ,     ,     ,   16,  301,   80,   37,     ,     ,     ,     ,   11,     ,     ,     ,     ,     ,
00031,                         aes/E,  0x56194e01b850,     ,     ,     ,     ,     ,     ,     ,     ,     ,     ,     ,     ,  656,  208,  144,     ,     ,     ,     ,     ,     ,
00032,                         aes/E,  0x56194e01b9c0,     ,     ,     ,     ,     ,     ,     ,   80,  656,  208,  144,     ,     ,     ,     ,   80,     ,     ,     ,     ,     ,
00033,                        sha256,  0x7ffd4dfedcf0,     ,     ,     ,     ,     ,     ,     ,     ,  197,     ,     ,     ,     ,     ,     ,     ,     ,     ,     ,     ,     ,
00034,                          read,  0x7ffd4dfedb60,     ,     ,     ,     ,     ,     ,     ,     ,    2,     ,     ,     ,     ,     ,     ,     ,     ,     ,     ,     ,     ,
00035,             sha256/ECDSA+DROP,  0x56194e01c140,     ,     ,     ,     ,     ,     ,     ,     , 2052,     ,     ,     ,     ,     ,     ,     ,     ,     ,     ,     ,     ,
00036,             sha256/ECDSA+DROP,  0x56194e01c140,     ,     ,     ,     ,     ,     ,     ,     , 2052,     ,     ,     ,     ,     ,     ,     ,     ,     ,     ,     ,     ,
00039,                        sha256,  0x7ffd4dfedee0,     ,     ,     ,     ,     ,     ,     ,     ,     ,  130,     ,     ,     ,     ,     ,     ,     ,     ,     ,     ,     ,
00040,                          read,  0x7ffd4dfedf00,     ,     ,     ,     ,     ,     ,     ,     ,     ,    2,     ,     ,     ,     ,     ,     ,     ,     ,     ,     ,     ,
00041,             sha256/ECDSA+DROP,  0x56194e01c140,     ,     ,     ,     ,     ,     ,     ,     ,     , 2052,     ,     ,     ,     ,     ,     ,     ,     ,     ,     ,     ,
00042,             sha256/ECDSA+DROP,  0x56194e01c140,     ,     ,     ,     ,     ,     ,     ,     ,     , 2052,     ,     ,     ,     ,     ,     ,     ,     ,     ,     ,     ,
00045,                        sha256,  0x56194e01c140,     ,     ,     ,     ,     ,     ,     ,     ,     ,     ,  179,     ,     ,     ,     ,     ,     ,     ,     ,     ,     ,
00046,                        sha256,  0x56194e01c140,     ,     ,     ,     ,     ,     ,     ,     ,     ,     ,  179,     ,     ,     ,     ,     ,     ,     ,     ,     ,     ,
00047,                        sha256,  0x56194e01c140,     ,     ,     ,     ,     ,     ,     ,     ,     ,     ,  192,     ,     ,     ,     ,     ,     ,     ,     ,     ,     ,
00052,                        sha256,  0x7ffd4dfede50,     ,     ,     ,     ,     ,     ,     ,     ,     ,     ,     ,     ,     ,  130,     ,     ,     ,     ,     ,     ,     ,
00053,                         write,  0x7ffd4dfedea0,     ,     ,     ,     ,     ,     ,     ,     ,     ,     ,     ,     ,     ,    2,     ,     ,     ,     ,     ,     ,     ,
00054,             sha256/ECDSA+DROP,  0x56194e01c140,     ,     ,     ,     ,     ,     ,     ,     ,     ,     ,     ,     ,     , 1539,     ,     ,     ,     ,     ,     ,     ,
00055,                        sha256,  0x56194e01c140,     ,     ,     ,     ,     ,     ,     ,     ,     ,     ,     ,     ,     ,     ,  215,     ,     ,     ,     ,     ,     ,
00056,                        sha256,  0x56194e01c140,     ,     ,     ,     ,     ,     ,     ,     ,     ,     ,     ,     ,     ,     ,  215,     ,     ,     ,     ,     ,     ,
00057,                        sha256,  0x56194e01c140,     ,     ,     ,     ,     ,     ,     ,     ,     ,     ,     ,     ,     ,     ,  174,     ,     ,     ,     ,     ,     ,
00058,                        sha256,  0x56194e01c140,     ,     ,     ,     ,     ,     ,     ,     ,     ,     ,     ,     ,     ,     ,  174,     ,     ,     ,     ,     ,     ,
00059,                        sha256,  0x56194e01c140,     ,     ,     ,     ,     ,     ,     ,     ,     ,     ,     ,     ,     ,     ,  173,     ,     ,     ,     ,     ,     ,
00060,                        sha256,  0x56194e01c140,     ,     ,     ,     ,     ,     ,     ,     ,     ,     ,     ,     ,     ,     ,  173,     ,     ,     ,     ,     ,     ,
00063,                        sha256,  0x56194e01c140,     ,     ,     ,     ,     ,     ,     ,     ,     ,     ,     ,     ,     ,     ,  179,     ,     ,     ,     ,     ,     ,
00064,                        sha256,  0x56194e01c140,     ,     ,     ,     ,     ,     ,     ,     ,     ,     ,     ,     ,     ,     ,  179,     ,     ,     ,     ,     ,     ,
00065,                        sha256,  0x56194e01c140,     ,     ,     ,     ,     ,     ,     ,     ,     ,     ,     ,     ,     ,     ,  192,     ,     ,     ,     ,     ,     ,
00068,                        sha256,  0x56194e01c140,     ,     ,     ,     ,     ,     ,     ,     ,     ,     ,     ,     ,     ,     ,  179,     ,     ,     ,     ,     ,     ,
00069,                        sha256,  0x56194e01c140,     ,     ,     ,     ,     ,     ,     ,     ,     ,     ,     ,     ,     ,     ,  179,     ,     ,     ,     ,     ,     ,
00070,                        sha256,  0x56194e01c140,     ,     ,     ,     ,     ,     ,     ,     ,     ,     ,     ,     ,     ,     ,  192,     ,     ,     ,     ,     ,     ,
00072,                        sha256,  0x56194e01c140,     ,     ,     ,     ,     ,     ,     ,     ,     ,     ,     ,     ,     ,     ,  213,     ,     ,     ,     ,     ,     ,
00073,                         ccm/E,  0x56194e01b7b0,     ,     ,     ,     ,     ,     ,     ,     ,     ,     ,     ,     ,     ,     ,     ,     ,     ,   38,     ,     ,     ,
00074,                         ccm/D,  0x56194e01ade0,     ,     ,     ,     ,     ,     ,     ,     ,     ,     ,     ,     ,     ,     ,     ,     ,     ,  136,     ,     ,     ,
00075,                         aes/E,  0x56194e01c300,     ,     ,     ,     ,     ,     ,     ,     ,     ,     ,     ,     ,     ,     ,     ,     ,     ,  224,     ,     ,     ,
00076,                         aes/E,  0x56194e01c430,     ,     ,     ,     ,     ,     ,     ,     ,     ,     ,     ,     ,     ,     ,     ,     ,     ,  336,     ,     ,     ,
